2026-01-07 01:58:38,259 - INFO - 
================================================================================
2026-01-07 01:58:38,259 - INFO - Analyzing PCA results for l1
2026-01-07 01:58:38,259 - INFO - ================================================================================

2026-01-07 01:58:38,259 - INFO - Loading PCA results for l1...
2026-01-07 01:58:38,295 - INFO - Loaded PCA results: (50000, 5)
2026-01-07 01:58:38,295 - INFO - Loading ImageNet labels...
2026-01-07 01:58:38,551 - INFO - Loaded 50000 labels from 1000 classes
2026-01-07 01:58:38,553 - INFO - Creating scree plot for l1...
2026-01-07 01:58:38,725 - INFO - Saved scree plot to results_imagenet_stats/plots/pca_l1_scree.png
2026-01-07 01:58:38,725 - INFO - Creating 2D projection for l1...
2026-01-07 01:58:38,961 - INFO - Saved 2D projection to results_imagenet_stats/plots/pca_l1_2d_projection.png
2026-01-07 01:58:38,961 - INFO - Creating 3D projection for l1...
2026-01-07 01:58:39,146 - INFO - Saved 3D projection to results_imagenet_stats/plots/pca_l1_3d_projection.png
2026-01-07 01:58:39,146 - INFO - Computing clustering metrics for l1...
2026-01-07 01:58:39,146 - INFO -   Computing metrics for 2 components...
2026-01-07 01:58:39,983 - INFO -     Silhouette: -0.5622
2026-01-07 01:58:39,984 - INFO -     Davies-Bouldin: 136.0942
2026-01-07 01:58:39,984 - INFO -     Calinski-Harabasz: 2.74
2026-01-07 01:58:39,984 - INFO -   Computing metrics for 3 components...
2026-01-07 01:58:40,815 - INFO -     Silhouette: -0.5201
2026-01-07 01:58:40,815 - INFO -     Davies-Bouldin: 39.8504
2026-01-07 01:58:40,815 - INFO -     Calinski-Harabasz: 2.79
2026-01-07 01:58:40,816 - INFO -   Computing metrics for 5 components...
2026-01-07 01:58:41,649 - INFO -     Silhouette: -0.4755
2026-01-07 01:58:41,649 - INFO -     Davies-Bouldin: 20.0341
2026-01-07 01:58:41,649 - INFO -     Calinski-Harabasz: 2.73
2026-01-07 01:58:41,649 - INFO - Plotting clustering metrics for l1...
2026-01-07 01:58:41,860 - INFO - Saved clustering metrics plot to results_imagenet_stats/plots/pca_l1_clustering_metrics.png
2026-01-07 01:58:41,860 - INFO - Analyzing class separability for l1...
2026-01-07 01:58:41,950 - INFO -   Average intra-class variance: 804459511808.0000
2026-01-07 01:58:41,950 - INFO -   Average inter-class distance: 1091304.5719
2026-01-07 01:58:41,950 - INFO -   Separability ratio: 1.2167
2026-01-07 01:58:41,950 - INFO - Saved analysis results to results_imagenet_stats/pca_analysis_metrics_l1.json
2026-01-07 01:58:41,950 - INFO - 
================================================================================
2026-01-07 01:58:41,950 - INFO - Analyzing PCA results for l2
2026-01-07 01:58:41,950 - INFO - ================================================================================

2026-01-07 01:58:41,950 - INFO - Loading PCA results for l2...
2026-01-07 01:58:41,951 - INFO - Loaded PCA results: (50000, 4)
2026-01-07 01:58:41,951 - INFO - Loading ImageNet labels...
2026-01-07 01:58:42,003 - INFO - Loaded 50000 labels from 1000 classes
2026-01-07 01:58:42,004 - INFO - Creating scree plot for l2...
2026-01-07 01:58:42,159 - INFO - Saved scree plot to results_imagenet_stats/plots/pca_l2_scree.png
2026-01-07 01:58:42,159 - INFO - Creating 2D projection for l2...
2026-01-07 01:58:42,306 - INFO - Saved 2D projection to results_imagenet_stats/plots/pca_l2_2d_projection.png
2026-01-07 01:58:42,307 - INFO - Creating 3D projection for l2...
2026-01-07 01:58:42,482 - INFO - Saved 3D projection to results_imagenet_stats/plots/pca_l2_3d_projection.png
2026-01-07 01:58:42,482 - INFO - Computing clustering metrics for l2...
2026-01-07 01:58:42,482 - INFO -   Computing metrics for 2 components...
2026-01-07 01:58:43,317 - INFO -     Silhouette: -0.5669
2026-01-07 01:58:43,317 - INFO -     Davies-Bouldin: 117.5165
2026-01-07 01:58:43,317 - INFO -     Calinski-Harabasz: 2.84
2026-01-07 01:58:43,317 - INFO -   Computing metrics for 3 components...
2026-01-07 01:58:44,159 - INFO -     Silhouette: -0.4856
2026-01-07 01:58:44,159 - INFO -     Davies-Bouldin: 39.6089
2026-01-07 01:58:44,159 - INFO -     Calinski-Harabasz: 2.84
2026-01-07 01:58:44,159 - INFO - Plotting clustering metrics for l2...
2026-01-07 01:58:44,385 - INFO - Saved clustering metrics plot to results_imagenet_stats/plots/pca_l2_clustering_metrics.png
2026-01-07 01:58:44,385 - INFO - Analyzing class separability for l2...
2026-01-07 01:58:44,475 - INFO -   Average intra-class variance: 7141868.0000
2026-01-07 01:58:44,475 - INFO -   Average inter-class distance: 2912.9183
2026-01-07 01:58:44,475 - INFO -   Separability ratio: 1.0900
2026-01-07 01:58:44,475 - INFO - Saved analysis results to results_imagenet_stats/pca_analysis_metrics_l2.json
2026-01-07 01:58:44,475 - INFO - 
================================================================================
2026-01-07 01:58:44,475 - INFO - Analyzing PCA results for linf
2026-01-07 01:58:44,475 - INFO - ================================================================================

2026-01-07 01:58:44,475 - INFO - Loading PCA results for linf...
2026-01-07 01:58:44,625 - INFO - Loaded PCA results: (50000, 1000)
2026-01-07 01:58:44,625 - INFO - Loading ImageNet labels...
2026-01-07 01:58:44,677 - INFO - Loaded 50000 labels from 1000 classes
2026-01-07 01:58:44,678 - INFO - Creating scree plot for linf...
2026-01-07 01:58:44,846 - INFO - Saved scree plot to results_imagenet_stats/plots/pca_linf_scree.png
2026-01-07 01:58:44,846 - INFO - Creating 2D projection for linf...
2026-01-07 01:58:44,991 - INFO - Saved 2D projection to results_imagenet_stats/plots/pca_linf_2d_projection.png
2026-01-07 01:58:44,991 - INFO - Creating 3D projection for linf...
2026-01-07 01:58:45,169 - INFO - Saved 3D projection to results_imagenet_stats/plots/pca_linf_3d_projection.png
2026-01-07 01:58:45,169 - INFO - Computing clustering metrics for linf...
2026-01-07 01:58:45,169 - INFO -   Computing metrics for 2 components...
2026-01-07 01:58:46,005 - INFO -     Silhouette: -0.5957
2026-01-07 01:58:46,005 - INFO -     Davies-Bouldin: 138.7068
2026-01-07 01:58:46,005 - INFO -     Calinski-Harabasz: 2.38
2026-01-07 01:58:46,005 - INFO -   Computing metrics for 3 components...
2026-01-07 01:58:46,841 - INFO -     Silhouette: -0.5268
2026-01-07 01:58:46,841 - INFO -     Davies-Bouldin: 46.7259
2026-01-07 01:58:46,841 - INFO -     Calinski-Harabasz: 2.45
2026-01-07 01:58:46,841 - INFO -   Computing metrics for 5 components...
2026-01-07 01:58:47,678 - INFO -     Silhouette: -0.4821
2026-01-07 01:58:47,678 - INFO -     Davies-Bouldin: 20.8101
2026-01-07 01:58:47,678 - INFO -     Calinski-Harabasz: 2.36
2026-01-07 01:58:47,678 - INFO -   Computing metrics for 10 components...
2026-01-07 01:58:48,519 - INFO -     Silhouette: -0.4409
2026-01-07 01:58:48,519 - INFO -     Davies-Bouldin: 12.1494
2026-01-07 01:58:48,519 - INFO -     Calinski-Harabasz: 2.33
2026-01-07 01:58:48,519 - INFO -   Computing metrics for 20 components...
2026-01-07 01:58:49,360 - INFO -     Silhouette: -0.4098
2026-01-07 01:58:49,360 - INFO -     Davies-Bouldin: 10.0396
2026-01-07 01:58:49,360 - INFO -     Calinski-Harabasz: 2.26
2026-01-07 01:58:49,360 - INFO -   Computing metrics for 50 components...
2026-01-07 01:58:50,213 - INFO -     Silhouette: -0.3836
2026-01-07 01:58:50,213 - INFO -     Davies-Bouldin: 8.5863
2026-01-07 01:58:50,213 - INFO -     Calinski-Harabasz: 2.36
2026-01-07 01:58:50,214 - INFO -   Computing metrics for 100 components...
2026-01-07 01:58:51,073 - INFO -     Silhouette: -0.3640
2026-01-07 01:58:51,073 - INFO -     Davies-Bouldin: 8.1386
2026-01-07 01:58:51,073 - INFO -     Calinski-Harabasz: 2.11
2026-01-07 01:58:51,073 - INFO - Plotting clustering metrics for linf...
2026-01-07 01:58:51,289 - INFO - Saved clustering metrics plot to results_imagenet_stats/plots/pca_linf_clustering_metrics.png
2026-01-07 01:58:51,289 - INFO - Analyzing class separability for linf...
2026-01-07 01:58:51,382 - INFO -   Average intra-class variance: 6.3880
2026-01-07 01:58:51,382 - INFO -   Average inter-class distance: 3.8690
2026-01-07 01:58:51,382 - INFO -   Separability ratio: 1.5308
2026-01-07 01:58:51,384 - INFO - Saved analysis results to results_imagenet_stats/pca_analysis_metrics_linf.json
2026-01-07 01:58:51,400 - INFO - 
All norms analyzed successfully!
2026-01-07 02:30:42,085 - INFO - 
================================================================================
2026-01-07 02:30:42,085 - INFO - Analyzing PCA results for l1
2026-01-07 02:30:42,085 - INFO - ================================================================================

2026-01-07 02:30:42,085 - INFO - Loading PCA results for l1...
2026-01-07 02:30:42,103 - INFO - Loaded PCA results: (50000, 5)
2026-01-07 02:30:42,103 - INFO - Loading ImageNet labels...
2026-01-07 02:30:42,155 - INFO - Loaded 50000 labels from 1000 classes
2026-01-07 02:30:42,156 - INFO - Creating scree plot for l1...
2026-01-07 02:30:42,318 - INFO - Saved scree plot to results_imagenet_stats/plots/pca_l1_scree.png
2026-01-07 02:30:42,318 - INFO - Creating 2D projection for l1...
2026-01-07 02:30:42,473 - INFO - Saved 2D projection to results_imagenet_stats/plots/pca_l1_2d_projection.png
2026-01-07 02:30:42,473 - INFO - Creating 3D projection for l1...
2026-01-07 02:30:42,720 - INFO - Saved 3D projection to results_imagenet_stats/plots/pca_l1_3d_projection.png
2026-01-07 02:30:42,720 - INFO - Computing clustering metrics for l1...
2026-01-07 02:30:42,720 - INFO -   Computing metrics for 2 components...
2026-01-07 02:30:43,539 - INFO -     Silhouette: -0.5692
2026-01-07 02:30:43,539 - INFO -     Davies-Bouldin: 129.3563
2026-01-07 02:30:43,539 - INFO -     Calinski-Harabasz: 2.91
2026-01-07 02:30:43,539 - INFO -   Computing metrics for 3 components...
2026-01-07 02:30:44,397 - INFO -     Silhouette: -0.5086
2026-01-07 02:30:44,397 - INFO -     Davies-Bouldin: 39.4255
2026-01-07 02:30:44,397 - INFO -     Calinski-Harabasz: 2.68
2026-01-07 02:30:44,397 - INFO -   Computing metrics for 5 components...
2026-01-07 02:30:45,217 - INFO -     Silhouette: -0.4663
2026-01-07 02:30:45,217 - INFO -     Davies-Bouldin: 20.1814
2026-01-07 02:30:45,217 - INFO -     Calinski-Harabasz: 2.85
2026-01-07 02:30:45,217 - INFO - Plotting clustering metrics for l1...
2026-01-07 02:30:45,424 - INFO - Saved clustering metrics plot to results_imagenet_stats/plots/pca_l1_clustering_metrics.png
2026-01-07 02:30:45,424 - INFO - Analyzing class separability for l1...
2026-01-07 02:30:45,512 - INFO -   Average intra-class variance: 804459511808.0000
2026-01-07 02:30:45,513 - INFO -   Average inter-class distance: 1091304.5719
2026-01-07 02:30:45,513 - INFO -   Separability ratio: 1.2167
2026-01-07 02:30:45,513 - INFO - Saved analysis results to results_imagenet_stats/pca_analysis_metrics_l1.json
2026-01-07 02:30:45,513 - INFO - 
================================================================================
2026-01-07 02:30:45,513 - INFO - Analyzing PCA results for l2
2026-01-07 02:30:45,513 - INFO - ================================================================================

2026-01-07 02:30:45,513 - INFO - Loading PCA results for l2...
2026-01-07 02:30:45,514 - INFO - Loaded PCA results: (50000, 4)
2026-01-07 02:30:45,514 - INFO - Loading ImageNet labels...
2026-01-07 02:30:45,565 - INFO - Loaded 50000 labels from 1000 classes
2026-01-07 02:30:45,566 - INFO - Creating scree plot for l2...
2026-01-07 02:30:45,717 - INFO - Saved scree plot to results_imagenet_stats/plots/pca_l2_scree.png
2026-01-07 02:30:45,717 - INFO - Creating 2D projection for l2...
2026-01-07 02:30:45,871 - INFO - Saved 2D projection to results_imagenet_stats/plots/pca_l2_2d_projection.png
2026-01-07 02:30:45,871 - INFO - Creating 3D projection for l2...
2026-01-07 02:30:46,038 - INFO - Saved 3D projection to results_imagenet_stats/plots/pca_l2_3d_projection.png
2026-01-07 02:30:46,038 - INFO - Computing clustering metrics for l2...
2026-01-07 02:30:46,038 - INFO -   Computing metrics for 2 components...
2026-01-07 02:30:46,872 - INFO -     Silhouette: -0.5531
2026-01-07 02:30:46,872 - INFO -     Davies-Bouldin: 122.5038
2026-01-07 02:30:46,872 - INFO -     Calinski-Harabasz: 2.69
2026-01-07 02:30:46,872 - INFO -   Computing metrics for 3 components...
2026-01-07 02:30:47,761 - INFO -     Silhouette: -0.5009
2026-01-07 02:30:47,761 - INFO -     Davies-Bouldin: 39.9075
2026-01-07 02:30:47,761 - INFO -     Calinski-Harabasz: 2.60
2026-01-07 02:30:47,761 - INFO - Plotting clustering metrics for l2...
2026-01-07 02:30:47,964 - INFO - Saved clustering metrics plot to results_imagenet_stats/plots/pca_l2_clustering_metrics.png
2026-01-07 02:30:47,964 - INFO - Analyzing class separability for l2...
2026-01-07 02:30:48,053 - INFO -   Average intra-class variance: 7141868.0000
2026-01-07 02:30:48,053 - INFO -   Average inter-class distance: 2912.9183
2026-01-07 02:30:48,053 - INFO -   Separability ratio: 1.0900
2026-01-07 02:30:48,053 - INFO - Saved analysis results to results_imagenet_stats/pca_analysis_metrics_l2.json
2026-01-07 02:30:48,053 - INFO - 
================================================================================
2026-01-07 02:30:48,053 - INFO - Analyzing PCA results for linf
2026-01-07 02:30:48,053 - INFO - ================================================================================

2026-01-07 02:30:48,053 - INFO - Loading PCA results for linf...
2026-01-07 02:30:48,202 - INFO - Loaded PCA results: (50000, 1000)
2026-01-07 02:30:48,202 - INFO - Loading ImageNet labels...
2026-01-07 02:30:48,253 - INFO - Loaded 50000 labels from 1000 classes
2026-01-07 02:30:48,254 - INFO - Creating scree plot for linf...
2026-01-07 02:30:48,418 - INFO - Saved scree plot to results_imagenet_stats/plots/pca_linf_scree.png
2026-01-07 02:30:48,418 - INFO - Creating 2D projection for linf...
2026-01-07 02:30:48,563 - INFO - Saved 2D projection to results_imagenet_stats/plots/pca_linf_2d_projection.png
2026-01-07 02:30:48,563 - INFO - Creating 3D projection for linf...
2026-01-07 02:30:48,731 - INFO - Saved 3D projection to results_imagenet_stats/plots/pca_linf_3d_projection.png
2026-01-07 02:30:48,731 - INFO - Computing clustering metrics for linf...
2026-01-07 02:30:48,732 - INFO -   Computing metrics for 2 components...
2026-01-07 02:30:49,565 - INFO -     Silhouette: -0.5539
2026-01-07 02:30:49,565 - INFO -     Davies-Bouldin: 127.0728
2026-01-07 02:30:49,565 - INFO -     Calinski-Harabasz: 2.37
2026-01-07 02:30:49,565 - INFO -   Computing metrics for 3 components...
2026-01-07 02:30:50,417 - INFO -     Silhouette: -0.5392
2026-01-07 02:30:50,417 - INFO -     Davies-Bouldin: 45.6490
2026-01-07 02:30:50,417 - INFO -     Calinski-Harabasz: 2.41
2026-01-07 02:30:50,417 - INFO -   Computing metrics for 5 components...
2026-01-07 02:30:51,255 - INFO -     Silhouette: -0.4632
2026-01-07 02:30:51,255 - INFO -     Davies-Bouldin: 20.4518
2026-01-07 02:30:51,255 - INFO -     Calinski-Harabasz: 2.52
2026-01-07 02:30:51,255 - INFO -   Computing metrics for 10 components...
2026-01-07 02:30:52,083 - INFO -     Silhouette: -0.4283
2026-01-07 02:30:52,083 - INFO -     Davies-Bouldin: 12.3010
2026-01-07 02:30:52,083 - INFO -     Calinski-Harabasz: 2.26
2026-01-07 02:30:52,083 - INFO -   Computing metrics for 20 components...
2026-01-07 02:30:52,937 - INFO -     Silhouette: -0.3983
2026-01-07 02:30:52,937 - INFO -     Davies-Bouldin: 9.8708
2026-01-07 02:30:52,937 - INFO -     Calinski-Harabasz: 2.26
2026-01-07 02:30:52,937 - INFO -   Computing metrics for 50 components...
2026-01-07 02:30:53,769 - INFO -     Silhouette: -0.3772
2026-01-07 02:30:53,769 - INFO -     Davies-Bouldin: 8.6431
2026-01-07 02:30:53,769 - INFO -     Calinski-Harabasz: 2.20
2026-01-07 02:30:53,769 - INFO -   Computing metrics for 100 components...
2026-01-07 02:30:54,629 - INFO -     Silhouette: -0.3684
2026-01-07 02:30:54,629 - INFO -     Davies-Bouldin: 8.1654
2026-01-07 02:30:54,629 - INFO -     Calinski-Harabasz: 2.21
2026-01-07 02:30:54,629 - INFO - Plotting clustering metrics for linf...
2026-01-07 02:30:54,839 - INFO - Saved clustering metrics plot to results_imagenet_stats/plots/pca_linf_clustering_metrics.png
2026-01-07 02:30:54,839 - INFO - Analyzing class separability for linf...
2026-01-07 02:30:54,929 - INFO -   Average intra-class variance: 6.3880
2026-01-07 02:30:54,929 - INFO -   Average inter-class distance: 3.8690
2026-01-07 02:30:54,929 - INFO -   Separability ratio: 1.5308
2026-01-07 02:30:54,932 - INFO - Saved analysis results to results_imagenet_stats/pca_analysis_metrics_linf.json
2026-01-07 02:30:54,947 - INFO - 
All norms analyzed successfully!
2026-01-07 08:48:32,818 - INFO - 
================================================================================
2026-01-07 08:48:32,818 - INFO - Analyzing PCA results for l1
2026-01-07 08:48:32,818 - INFO - ================================================================================

2026-01-07 08:48:32,818 - INFO - Loading PCA results for l1...
2026-01-07 08:48:32,837 - INFO - Loaded PCA results: (50000, 5)
2026-01-07 08:48:32,837 - INFO - Loading ImageNet labels...
2026-01-07 08:48:32,889 - INFO - Loaded 50000 labels from 1000 classes
2026-01-07 08:48:32,890 - INFO - Creating scree plot for l1...
2026-01-07 08:48:33,048 - INFO - Saved scree plot to results_imagenet_stats/plots/pca_l1_scree.png
2026-01-07 08:48:33,048 - INFO - Creating 2D projection for l1...
2026-01-07 08:48:33,275 - INFO - Saved 2D projection to results_imagenet_stats/plots/pca_l1_2d_projection.png
2026-01-07 08:48:33,275 - INFO - Creating 3D projection for l1...
2026-01-07 08:48:33,449 - INFO - Saved 3D projection to results_imagenet_stats/plots/pca_l1_3d_projection.png
2026-01-07 08:48:33,449 - INFO - Computing clustering metrics for l1...
2026-01-07 08:48:33,449 - INFO -   Computing metrics for 2 components...
2026-01-07 08:48:34,264 - INFO -     Silhouette: -0.5750
2026-01-07 08:48:34,264 - INFO -     Davies-Bouldin: 119.0771
2026-01-07 08:48:34,264 - INFO -     Calinski-Harabasz: 2.71
2026-01-07 08:48:34,264 - INFO -   Computing metrics for 3 components...
2026-01-07 08:48:35,113 - INFO -     Silhouette: -0.4927
2026-01-07 08:48:35,113 - INFO -     Davies-Bouldin: 38.3269
2026-01-07 08:48:35,113 - INFO -     Calinski-Harabasz: 2.80
2026-01-07 08:48:35,113 - INFO -   Computing metrics for 5 components...
2026-01-07 08:48:35,915 - INFO -     Silhouette: -0.4623
2026-01-07 08:48:35,916 - INFO -     Davies-Bouldin: 19.6926
2026-01-07 08:48:35,916 - INFO -     Calinski-Harabasz: 2.79
2026-01-07 08:48:35,916 - INFO - Plotting clustering metrics for l1...
2026-01-07 08:48:36,124 - INFO - Saved clustering metrics plot to results_imagenet_stats/plots/pca_l1_clustering_metrics.png
2026-01-07 08:48:36,124 - INFO - Analyzing class separability for l1...
2026-01-07 08:48:36,211 - INFO -   Average intra-class variance: 804459511808.0000
2026-01-07 08:48:36,212 - INFO -   Average inter-class distance: 1091304.5719
2026-01-07 08:48:36,212 - INFO -   Separability ratio: 1.2167
2026-01-07 08:48:36,212 - INFO - Saved analysis results to results_imagenet_stats/pca_analysis_metrics_l1.json
2026-01-07 08:48:36,212 - INFO - 
================================================================================
2026-01-07 08:48:36,212 - INFO - Analyzing PCA results for l2
2026-01-07 08:48:36,212 - INFO - ================================================================================

2026-01-07 08:48:36,212 - INFO - Loading PCA results for l2...
2026-01-07 08:48:36,213 - INFO - Loaded PCA results: (50000, 4)
2026-01-07 08:48:36,213 - INFO - Loading ImageNet labels...
2026-01-07 08:48:36,265 - INFO - Loaded 50000 labels from 1000 classes
2026-01-07 08:48:36,266 - INFO - Creating scree plot for l2...
2026-01-07 08:48:36,414 - INFO - Saved scree plot to results_imagenet_stats/plots/pca_l2_scree.png
2026-01-07 08:48:36,414 - INFO - Creating 2D projection for l2...
2026-01-07 08:48:36,555 - INFO - Saved 2D projection to results_imagenet_stats/plots/pca_l2_2d_projection.png
2026-01-07 08:48:36,555 - INFO - Creating 3D projection for l2...
2026-01-07 08:48:36,720 - INFO - Saved 3D projection to results_imagenet_stats/plots/pca_l2_3d_projection.png
2026-01-07 08:48:36,720 - INFO - Computing clustering metrics for l2...
2026-01-07 08:48:36,720 - INFO -   Computing metrics for 2 components...
2026-01-07 08:48:37,536 - INFO -     Silhouette: -0.5699
2026-01-07 08:48:37,536 - INFO -     Davies-Bouldin: 125.4403
2026-01-07 08:48:37,536 - INFO -     Calinski-Harabasz: 2.69
2026-01-07 08:48:37,536 - INFO -   Computing metrics for 3 components...
2026-01-07 08:48:38,349 - INFO -     Silhouette: -0.4997
2026-01-07 08:48:38,349 - INFO -     Davies-Bouldin: 41.7097
2026-01-07 08:48:38,349 - INFO -     Calinski-Harabasz: 2.80
2026-01-07 08:48:38,349 - INFO - Plotting clustering metrics for l2...
2026-01-07 08:48:38,557 - INFO - Saved clustering metrics plot to results_imagenet_stats/plots/pca_l2_clustering_metrics.png
2026-01-07 08:48:38,557 - INFO - Analyzing class separability for l2...
2026-01-07 08:48:38,643 - INFO -   Average intra-class variance: 7141868.0000
2026-01-07 08:48:38,643 - INFO -   Average inter-class distance: 2912.9183
2026-01-07 08:48:38,644 - INFO -   Separability ratio: 1.0900
2026-01-07 08:48:38,644 - INFO - Saved analysis results to results_imagenet_stats/pca_analysis_metrics_l2.json
2026-01-07 08:48:38,644 - INFO - 
================================================================================
2026-01-07 08:48:38,644 - INFO - Analyzing PCA results for linf
2026-01-07 08:48:38,644 - INFO - ================================================================================

2026-01-07 08:48:38,644 - INFO - Loading PCA results for linf...
2026-01-07 08:48:38,790 - INFO - Loaded PCA results: (50000, 1000)
2026-01-07 08:48:38,790 - INFO - Loading ImageNet labels...
2026-01-07 08:48:38,842 - INFO - Loaded 50000 labels from 1000 classes
2026-01-07 08:48:38,843 - INFO - Creating scree plot for linf...
2026-01-07 08:48:38,987 - INFO - Saved scree plot to results_imagenet_stats/plots/pca_linf_scree.png
2026-01-07 08:48:38,987 - INFO - Creating 2D projection for linf...
2026-01-07 08:48:39,130 - INFO - Saved 2D projection to results_imagenet_stats/plots/pca_linf_2d_projection.png
2026-01-07 08:48:39,130 - INFO - Creating 3D projection for linf...
2026-01-07 08:48:39,299 - INFO - Saved 3D projection to results_imagenet_stats/plots/pca_linf_3d_projection.png
2026-01-07 08:48:39,299 - INFO - Computing clustering metrics for linf...
2026-01-07 08:48:39,299 - INFO -   Computing metrics for 2 components...
2026-01-07 08:48:40,127 - INFO -     Silhouette: -0.5621
2026-01-07 08:48:40,128 - INFO -     Davies-Bouldin: 139.9762
2026-01-07 08:48:40,128 - INFO -     Calinski-Harabasz: 2.42
2026-01-07 08:48:40,128 - INFO -   Computing metrics for 3 components...
2026-01-07 08:48:41,029 - INFO -     Silhouette: -0.5186
2026-01-07 08:48:41,029 - INFO -     Davies-Bouldin: 47.7621
2026-01-07 08:48:41,029 - INFO -     Calinski-Harabasz: 2.30
2026-01-07 08:48:41,029 - INFO -   Computing metrics for 5 components...
2026-01-07 08:48:41,894 - INFO -     Silhouette: -0.4758
2026-01-07 08:48:41,894 - INFO -     Davies-Bouldin: 20.5460
2026-01-07 08:48:41,894 - INFO -     Calinski-Harabasz: 2.43
2026-01-07 08:48:41,894 - INFO -   Computing metrics for 10 components...
2026-01-07 08:48:42,748 - INFO -     Silhouette: -0.4610
2026-01-07 08:48:42,748 - INFO -     Davies-Bouldin: 12.2749
2026-01-07 08:48:42,748 - INFO -     Calinski-Harabasz: 2.34
2026-01-07 08:48:42,748 - INFO -   Computing metrics for 20 components...
2026-01-07 08:48:43,618 - INFO -     Silhouette: -0.4098
2026-01-07 08:48:43,618 - INFO -     Davies-Bouldin: 10.0322
2026-01-07 08:48:43,618 - INFO -     Calinski-Harabasz: 2.38
2026-01-07 08:48:43,618 - INFO -   Computing metrics for 50 components...
2026-01-07 08:48:44,461 - INFO -     Silhouette: -0.3767
2026-01-07 08:48:44,461 - INFO -     Davies-Bouldin: 8.5636
2026-01-07 08:48:44,461 - INFO -     Calinski-Harabasz: 2.19
2026-01-07 08:48:44,461 - INFO -   Computing metrics for 100 components...
2026-01-07 08:48:45,324 - INFO -     Silhouette: -0.3692
2026-01-07 08:48:45,324 - INFO -     Davies-Bouldin: 8.1663
2026-01-07 08:48:45,324 - INFO -     Calinski-Harabasz: 2.14
2026-01-07 08:48:45,324 - INFO - Plotting clustering metrics for linf...
2026-01-07 08:48:45,532 - INFO - Saved clustering metrics plot to results_imagenet_stats/plots/pca_linf_clustering_metrics.png
2026-01-07 08:48:45,532 - INFO - Analyzing class separability for linf...
2026-01-07 08:48:45,621 - INFO -   Average intra-class variance: 6.3880
2026-01-07 08:48:45,621 - INFO -   Average inter-class distance: 3.8690
2026-01-07 08:48:45,621 - INFO -   Separability ratio: 1.5308
2026-01-07 08:48:45,623 - INFO - Saved analysis results to results_imagenet_stats/pca_analysis_metrics_linf.json
2026-01-07 08:48:45,636 - INFO - 
All norms analyzed successfully!
