2025-12-23 13:27:56,383 - INFO - Starting script...
2025-12-23 13:27:56,384 - INFO - Building dataset...
2025-12-23 13:27:56,709 - INFO - Dataset has 50000 images.
2025-12-23 13:27:57,090 - INFO - Using device: cuda
2025-12-23 13:27:58,320 - INFO - [A] Batch 1/196
2025-12-23 13:28:30,898 - INFO - [A] Batch 2/196
2025-12-23 13:28:59,804 - INFO - [A] Batch 3/196
2025-12-23 13:29:28,624 - INFO - [A] Batch 4/196
2025-12-23 13:29:57,277 - INFO - [A] Batch 5/196
2025-12-23 13:30:25,924 - INFO - [A] Batch 6/196
2025-12-23 13:30:54,440 - INFO - [A] Batch 7/196
2025-12-23 13:31:23,364 - INFO - [A] Batch 8/196
2025-12-23 13:31:52,360 - INFO - [A] Batch 9/196
2025-12-23 13:32:21,075 - INFO - [A] Batch 10/196
2025-12-23 13:32:49,933 - INFO - [A] Batch 11/196
2025-12-23 13:33:18,366 - INFO - [A] Batch 12/196
2025-12-23 13:33:46,938 - INFO - [A] Batch 13/196
2025-12-23 13:34:15,436 - INFO - [A] Batch 14/196
2025-12-23 13:34:43,921 - INFO - [A] Batch 15/196
2025-12-23 13:35:12,616 - INFO - [A] Batch 16/196
2025-12-23 13:35:41,216 - INFO - [A] Batch 17/196
2025-12-23 13:36:09,785 - INFO - [A] Batch 18/196
2025-12-23 13:36:38,710 - INFO - [A] Batch 19/196
2025-12-23 13:37:07,681 - INFO - [A] Batch 20/196
2025-12-23 13:37:36,487 - INFO - [A] Batch 21/196
2025-12-23 13:38:05,305 - INFO - [A] Batch 22/196
2025-12-23 13:38:34,145 - INFO - [A] Batch 23/196
2025-12-23 13:39:02,994 - INFO - [A] Batch 24/196
2025-12-23 13:39:31,726 - INFO - [A] Batch 25/196
2025-12-23 13:40:00,423 - INFO - [A] Batch 26/196
2025-12-23 13:40:29,215 - INFO - [A] Batch 27/196
2025-12-23 13:40:58,211 - INFO - [A] Batch 28/196
2025-12-23 13:41:26,741 - INFO - [A] Batch 29/196
2025-12-23 13:41:55,617 - INFO - [A] Batch 30/196
2025-12-23 13:42:24,647 - INFO - [A] Batch 31/196
2025-12-23 13:42:53,365 - INFO - [A] Batch 32/196
2025-12-23 13:43:22,046 - INFO - [A] Batch 33/196
2025-12-23 13:43:50,602 - INFO - [A] Batch 34/196
2025-12-23 13:44:19,487 - INFO - [A] Batch 35/196
2025-12-23 13:44:48,124 - INFO - [A] Batch 36/196
2025-12-23 13:45:16,706 - INFO - [A] Batch 37/196
2025-12-23 13:45:45,321 - INFO - [A] Batch 38/196
2025-12-23 13:46:14,088 - INFO - [A] Batch 39/196
2025-12-23 13:46:42,851 - INFO - [A] Batch 40/196
2025-12-23 13:47:11,499 - INFO - [A] Batch 41/196
2025-12-23 13:47:40,486 - INFO - [A] Batch 42/196
2025-12-23 13:48:09,342 - INFO - [A] Batch 43/196
2025-12-23 13:48:38,013 - INFO - [A] Batch 44/196
2025-12-23 13:49:06,777 - INFO - [A] Batch 45/196
2025-12-23 13:49:35,763 - INFO - [A] Batch 46/196
2025-12-23 13:50:04,461 - INFO - [A] Batch 47/196
2025-12-23 13:50:33,140 - INFO - [A] Batch 48/196
2025-12-23 13:51:01,633 - INFO - [A] Batch 49/196
2025-12-23 13:51:30,191 - INFO - [A] Batch 50/196
2025-12-23 13:51:58,980 - INFO - [A] Batch 51/196
2025-12-23 13:52:27,972 - INFO - [A] Batch 52/196
2025-12-23 13:52:56,718 - INFO - [A] Batch 53/196
2025-12-23 13:53:25,226 - INFO - [A] Batch 54/196
2025-12-23 13:53:54,030 - INFO - [A] Batch 55/196
2025-12-23 13:54:22,678 - INFO - [A] Batch 56/196
2025-12-23 13:54:51,278 - INFO - [A] Batch 57/196
2025-12-23 13:55:19,776 - INFO - [A] Batch 58/196
2025-12-23 13:55:48,526 - INFO - [A] Batch 59/196
2025-12-23 13:56:17,289 - INFO - [A] Batch 60/196
2025-12-23 13:56:46,182 - INFO - [A] Batch 61/196
2025-12-23 13:57:14,618 - INFO - [A] Batch 62/196
2025-12-23 13:57:43,178 - INFO - [A] Batch 63/196
2025-12-23 13:58:12,071 - INFO - [A] Batch 64/196
2025-12-23 13:58:41,065 - INFO - [A] Batch 65/196
2025-12-23 13:59:09,672 - INFO - [A] Batch 66/196
2025-12-23 13:59:38,342 - INFO - [A] Batch 67/196
2025-12-23 14:00:07,277 - INFO - [A] Batch 68/196
2025-12-23 14:00:35,989 - INFO - [A] Batch 69/196
2025-12-23 14:01:04,852 - INFO - [A] Batch 70/196
2025-12-23 14:01:33,531 - INFO - [A] Batch 71/196
2025-12-23 14:02:02,233 - INFO - [A] Batch 72/196
2025-12-23 14:02:30,958 - INFO - [A] Batch 73/196
2025-12-23 14:02:59,595 - INFO - [A] Batch 74/196
2025-12-23 14:03:28,469 - INFO - [A] Batch 75/196
2025-12-23 14:03:57,470 - INFO - [A] Batch 76/196
2025-12-23 14:04:26,065 - INFO - [A] Batch 77/196
2025-12-23 14:04:55,329 - INFO - [A] Batch 78/196
2025-12-23 14:05:24,244 - INFO - [A] Batch 79/196
2025-12-23 14:05:52,884 - INFO - [A] Batch 80/196
2025-12-23 14:06:21,858 - INFO - [A] Batch 81/196
2025-12-23 14:06:50,617 - INFO - [A] Batch 82/196
2025-12-23 14:07:19,410 - INFO - [A] Batch 83/196
2025-12-23 14:07:48,390 - INFO - [A] Batch 84/196
2025-12-23 14:08:17,511 - INFO - [A] Batch 85/196
2025-12-23 14:08:46,283 - INFO - [A] Batch 86/196
2025-12-23 14:09:15,001 - INFO - [A] Batch 87/196
2025-12-23 14:09:43,693 - INFO - [A] Batch 88/196
2025-12-23 14:10:12,910 - INFO - [A] Batch 89/196
2025-12-23 14:10:41,790 - INFO - [A] Batch 90/196
2025-12-23 14:11:10,514 - INFO - [A] Batch 91/196
2025-12-23 14:11:39,417 - INFO - [A] Batch 92/196
2025-12-23 14:12:08,295 - INFO - [A] Batch 93/196
2025-12-23 14:12:37,027 - INFO - [A] Batch 94/196
2025-12-23 14:13:05,721 - INFO - [A] Batch 95/196
2025-12-23 14:13:34,361 - INFO - [A] Batch 96/196
2025-12-23 14:14:03,262 - INFO - [A] Batch 97/196
2025-12-23 14:14:32,780 - INFO - [A] Batch 98/196
2025-12-23 14:15:02,308 - INFO - [A] Batch 99/196
2025-12-23 14:15:31,566 - INFO - [A] Batch 100/196
2025-12-23 14:16:00,476 - INFO - [A] Batch 101/196
2025-12-23 14:16:29,683 - INFO - [A] Batch 102/196
2025-12-23 14:16:59,150 - INFO - [A] Batch 103/196
2025-12-23 14:17:28,949 - INFO - [A] Batch 104/196
2025-12-23 14:17:58,175 - INFO - [A] Batch 105/196
2025-12-23 14:18:27,411 - INFO - [A] Batch 106/196
2025-12-23 14:18:57,039 - INFO - [A] Batch 107/196
2025-12-23 14:19:27,164 - INFO - [A] Batch 108/196
2025-12-23 14:19:57,136 - INFO - [A] Batch 109/196
2025-12-23 14:20:27,011 - INFO - [A] Batch 110/196
2025-12-23 14:20:56,729 - INFO - [A] Batch 111/196
2025-12-23 14:21:25,486 - INFO - [A] Batch 112/196
2025-12-23 14:21:55,238 - INFO - [A] Batch 113/196
2025-12-23 14:22:24,546 - INFO - [A] Batch 114/196
2025-12-23 14:22:53,725 - INFO - [A] Batch 115/196
2025-12-23 14:23:23,130 - INFO - [A] Batch 116/196
2025-12-23 14:23:52,433 - INFO - [A] Batch 117/196
2025-12-23 14:24:21,392 - INFO - [A] Batch 118/196
2025-12-23 14:24:50,612 - INFO - [A] Batch 119/196
2025-12-23 14:25:20,155 - INFO - [A] Batch 120/196
2025-12-23 14:25:49,177 - INFO - [A] Batch 121/196
2025-12-23 14:26:18,473 - INFO - [A] Batch 122/196
2025-12-23 14:26:47,364 - INFO - [A] Batch 123/196
2025-12-23 14:27:16,456 - INFO - [A] Batch 124/196
2025-12-23 14:27:45,603 - INFO - [A] Batch 125/196
2025-12-23 14:28:14,836 - INFO - [A] Batch 126/196
2025-12-23 14:28:43,736 - INFO - [A] Batch 127/196
2025-12-23 14:29:12,646 - INFO - [A] Batch 128/196
2025-12-23 14:29:41,803 - INFO - [A] Batch 129/196
2025-12-23 14:30:11,515 - INFO - [A] Batch 130/196
2025-12-23 14:30:40,860 - INFO - [A] Batch 131/196
2025-12-23 14:31:10,021 - INFO - [A] Batch 132/196
2025-12-23 14:31:38,977 - INFO - [A] Batch 133/196
2025-12-23 14:32:08,429 - INFO - [A] Batch 134/196
2025-12-23 14:32:38,081 - INFO - [A] Batch 135/196
2025-12-23 14:33:07,728 - INFO - [A] Batch 136/196
2025-12-23 14:33:37,545 - INFO - [A] Batch 137/196
2025-12-23 14:34:06,854 - INFO - [A] Batch 138/196
2025-12-23 14:34:36,100 - INFO - [A] Batch 139/196
2025-12-23 14:35:05,139 - INFO - [A] Batch 140/196
2025-12-23 14:35:34,526 - INFO - [A] Batch 141/196
2025-12-23 14:36:04,327 - INFO - [A] Batch 142/196
2025-12-23 14:36:34,143 - INFO - [A] Batch 143/196
2025-12-23 14:37:02,899 - INFO - [A] Batch 144/196
2025-12-23 14:37:31,881 - INFO - [A] Batch 145/196
2025-12-23 14:38:01,838 - INFO - [A] Batch 146/196
2025-12-23 14:38:31,160 - INFO - [A] Batch 147/196
2025-12-23 14:39:00,459 - INFO - [A] Batch 148/196
2025-12-23 14:39:30,164 - INFO - [A] Batch 149/196
2025-12-23 14:39:59,406 - INFO - [A] Batch 150/196
2025-12-23 14:40:28,541 - INFO - [A] Batch 151/196
2025-12-23 14:40:57,653 - INFO - [A] Batch 152/196
2025-12-23 14:41:26,715 - INFO - [A] Batch 153/196
2025-12-23 14:41:55,717 - INFO - [A] Batch 154/196
2025-12-23 14:42:24,888 - INFO - [A] Batch 155/196
2025-12-23 14:42:54,102 - INFO - [A] Batch 156/196
2025-12-23 14:43:23,206 - INFO - [A] Batch 157/196
2025-12-23 14:43:52,987 - INFO - [A] Batch 158/196
2025-12-23 14:44:23,233 - INFO - [A] Batch 159/196
2025-12-23 14:44:52,434 - INFO - [A] Batch 160/196
2025-12-23 14:45:21,588 - INFO - [A] Batch 161/196
2025-12-23 14:45:51,512 - INFO - [A] Batch 162/196
2025-12-23 14:46:20,348 - INFO - [A] Batch 163/196
2025-12-23 14:46:49,920 - INFO - [A] Batch 164/196
2025-12-23 14:47:19,850 - INFO - [A] Batch 165/196
2025-12-23 14:47:49,322 - INFO - [A] Batch 166/196
2025-12-23 14:48:19,127 - INFO - [A] Batch 167/196
2025-12-23 14:48:48,535 - INFO - [A] Batch 168/196
2025-12-23 14:49:17,614 - INFO - [A] Batch 169/196
2025-12-23 14:49:47,097 - INFO - [A] Batch 170/196
2025-12-23 14:50:17,251 - INFO - [A] Batch 171/196
2025-12-23 14:50:46,672 - INFO - [A] Batch 172/196
2025-12-23 14:51:15,716 - INFO - [A] Batch 173/196
2025-12-23 14:51:45,868 - INFO - [A] Batch 174/196
2025-12-23 14:52:15,651 - INFO - [A] Batch 175/196
2025-12-23 14:52:45,111 - INFO - [A] Batch 176/196
2025-12-23 14:53:14,137 - INFO - [A] Batch 177/196
2025-12-23 14:53:43,868 - INFO - [A] Batch 178/196
2025-12-23 14:54:12,985 - INFO - [A] Batch 179/196
2025-12-23 14:54:42,194 - INFO - [A] Batch 180/196
2025-12-23 14:55:11,683 - INFO - [A] Batch 181/196
2025-12-23 14:55:40,661 - INFO - [A] Batch 182/196
2025-12-23 14:56:09,746 - INFO - [A] Batch 183/196
2025-12-23 14:56:38,591 - INFO - [A] Batch 184/196
2025-12-23 14:57:07,971 - INFO - [A] Batch 185/196
2025-12-23 14:57:37,230 - INFO - [A] Batch 186/196
2025-12-23 14:58:06,119 - INFO - [A] Batch 187/196
2025-12-23 14:58:35,928 - INFO - [A] Batch 188/196
2025-12-23 14:59:05,242 - INFO - [A] Batch 189/196
2025-12-23 14:59:34,224 - INFO - [A] Batch 190/196
2025-12-23 15:00:03,508 - INFO - [A] Batch 191/196
2025-12-23 15:00:33,327 - INFO - [A] Batch 192/196
2025-12-23 15:01:02,891 - INFO - [A] Batch 193/196
2025-12-23 15:01:31,874 - INFO - [A] Batch 194/196
2025-12-23 15:02:00,542 - INFO - [A] Batch 195/196
2025-12-23 15:02:30,363 - INFO - [A] Batch 196/196
2025-12-23 15:03:00,350 - INFO - Saving results...
2025-12-23 15:03:04,512 - INFO - Done: results_imagenet_stats/val_dist_matrix.pt
2025-12-23 15:06:08,862 - INFO - Starting script...
2025-12-23 15:06:08,862 - INFO - Building dataset...
2025-12-23 15:06:08,911 - INFO - Dataset has 5 images.
2025-12-23 15:06:08,925 - INFO - Using device: cuda
2025-12-23 15:06:09,059 - INFO - [A] Batch 1/3
2025-12-23 15:06:09,125 - INFO - [A] Batch 2/3
2025-12-23 15:06:09,176 - INFO - [A] Batch 3/3
2025-12-23 15:06:09,235 - INFO - Saving results...
2025-12-23 15:06:09,236 - INFO - Done: results_imagenet_stats/val_dist_matrix_notreal.pt
2025-12-23 15:12:33,919 - INFO - Starting script...
2025-12-23 15:12:33,919 - INFO - Building dataset...
2025-12-23 15:12:33,971 - INFO - Dataset has 20 images.
2025-12-23 15:12:33,984 - INFO - Using device: cuda
2025-12-23 15:12:34,121 - INFO - [A] Batch 1/10
2025-12-23 15:12:34,197 - INFO - [A] Batch 2/10
2025-12-23 15:12:34,274 - INFO - [A] Batch 3/10
2025-12-23 15:12:34,343 - INFO - [A] Batch 4/10
2025-12-23 15:12:34,407 - INFO - [A] Batch 5/10
2025-12-23 15:12:34,483 - INFO - [A] Batch 6/10
2025-12-23 15:12:34,546 - INFO - [A] Batch 7/10
2025-12-23 15:12:34,617 - INFO - [A] Batch 8/10
2025-12-23 15:12:34,688 - INFO - [A] Batch 9/10
2025-12-23 15:12:34,748 - INFO - [A] Batch 10/10
2025-12-23 15:12:34,819 - INFO - Saving results...
2025-12-23 15:12:34,821 - INFO - Done: results_imagenet_stats/val_dist_matrix_notreal2.pt
2025-12-23 15:16:56,584 - INFO - Starting script...
2025-12-23 15:16:56,584 - INFO - Building dataset...
2025-12-23 15:16:56,634 - INFO - Dataset has 2000 images.
2025-12-23 15:16:56,706 - INFO - Using device: cuda
2025-12-23 15:16:56,945 - INFO - [A] Batch 1/63
2025-12-23 15:21:20,740 - INFO - Starting script...
2025-12-23 15:21:20,740 - INFO - Building dataset...
2025-12-23 15:21:20,789 - INFO - Dataset has 2000 images.
2025-12-23 15:21:20,863 - INFO - Using device: cuda
2025-12-23 15:21:21,101 - INFO - [A] Batch 1/63
2025-12-23 15:22:06,605 - INFO - Starting script...
2025-12-23 15:22:06,605 - INFO - Building dataset...
2025-12-23 15:22:06,655 - INFO - Dataset has 2000 images.
2025-12-23 15:22:06,727 - INFO - Using device: cuda
2025-12-23 15:22:06,960 - INFO - [A] Batch 1/63
2025-12-23 15:22:08,431 - INFO - [A] Batch 2/63
2025-12-23 15:22:09,789 - INFO - [A] Batch 3/63
2025-12-23 15:22:11,149 - INFO - [A] Batch 4/63
2025-12-23 15:22:12,494 - INFO - [A] Batch 5/63
2025-12-23 15:22:13,844 - INFO - [A] Batch 6/63
2025-12-23 15:22:15,220 - INFO - [A] Batch 7/63
2025-12-23 15:22:16,582 - INFO - [A] Batch 8/63
2025-12-23 15:22:17,971 - INFO - [A] Batch 9/63
2025-12-23 15:22:19,307 - INFO - [A] Batch 10/63
2025-12-23 15:22:20,678 - INFO - [A] Batch 11/63
2025-12-23 15:22:22,031 - INFO - [A] Batch 12/63
2025-12-23 15:22:23,378 - INFO - [A] Batch 13/63
2025-12-23 15:22:24,765 - INFO - [A] Batch 14/63
2025-12-23 15:22:26,109 - INFO - [A] Batch 15/63
2025-12-23 15:22:27,465 - INFO - [A] Batch 16/63
2025-12-23 15:22:28,822 - INFO - [A] Batch 17/63
2025-12-23 15:22:30,191 - INFO - [A] Batch 18/63
2025-12-23 15:22:31,551 - INFO - [A] Batch 19/63
2025-12-23 15:22:32,921 - INFO - [A] Batch 20/63
2025-12-23 15:22:34,268 - INFO - [A] Batch 21/63
2025-12-23 15:22:35,616 - INFO - [A] Batch 22/63
2025-12-23 15:22:36,974 - INFO - [A] Batch 23/63
2025-12-23 15:22:38,321 - INFO - [A] Batch 24/63
2025-12-23 15:22:39,688 - INFO - [A] Batch 25/63
2025-12-23 15:22:41,037 - INFO - [A] Batch 26/63
2025-12-23 15:22:42,382 - INFO - [A] Batch 27/63
2025-12-23 15:22:43,717 - INFO - [A] Batch 28/63
2025-12-23 15:22:45,068 - INFO - [A] Batch 29/63
2025-12-23 15:22:46,426 - INFO - [A] Batch 30/63
2025-12-23 15:22:47,764 - INFO - [A] Batch 31/63
2025-12-23 15:22:49,114 - INFO - [A] Batch 32/63
2025-12-23 15:22:50,474 - INFO - [A] Batch 33/63
2025-12-23 15:22:51,826 - INFO - [A] Batch 34/63
2025-12-23 15:22:53,183 - INFO - [A] Batch 35/63
2025-12-23 15:22:54,532 - INFO - [A] Batch 36/63
2025-12-23 15:22:55,921 - INFO - [A] Batch 37/63
2025-12-23 15:22:57,275 - INFO - [A] Batch 38/63
2025-12-23 15:22:58,645 - INFO - [A] Batch 39/63
2025-12-23 15:23:00,005 - INFO - [A] Batch 40/63
2025-12-23 15:23:01,377 - INFO - [A] Batch 41/63
2025-12-23 15:23:02,760 - INFO - [A] Batch 42/63
2025-12-23 15:23:04,140 - INFO - [A] Batch 43/63
2025-12-23 15:23:05,494 - INFO - [A] Batch 44/63
2025-12-23 15:23:06,849 - INFO - [A] Batch 45/63
2025-12-23 15:23:11,530 - INFO - Starting script...
2025-12-23 15:23:11,530 - INFO - Building dataset...
2025-12-23 15:23:11,579 - INFO - Dataset has 500 images.
2025-12-23 15:23:11,651 - INFO - Using device: cuda
2025-12-23 15:23:11,861 - INFO - [A] Batch 1/20
2025-12-23 15:23:12,282 - INFO - [A] Batch 2/20
2025-12-23 15:23:12,678 - INFO - [A] Batch 3/20
2025-12-23 15:23:13,061 - INFO - [A] Batch 4/20
2025-12-23 15:23:13,449 - INFO - [A] Batch 5/20
2025-12-23 15:23:13,838 - INFO - [A] Batch 6/20
2025-12-23 15:23:14,227 - INFO - [A] Batch 7/20
2025-12-23 15:23:14,617 - INFO - [A] Batch 8/20
2025-12-23 15:23:15,004 - INFO - [A] Batch 9/20
2025-12-23 15:23:15,398 - INFO - [A] Batch 10/20
2025-12-23 15:23:15,791 - INFO - [A] Batch 11/20
2025-12-23 15:23:16,184 - INFO - [A] Batch 12/20
2025-12-23 15:23:16,575 - INFO - [A] Batch 13/20
2025-12-23 15:23:16,963 - INFO - [A] Batch 14/20
2025-12-23 15:23:17,357 - INFO - [A] Batch 15/20
2025-12-23 15:23:17,753 - INFO - [A] Batch 16/20
2025-12-23 15:23:18,149 - INFO - [A] Batch 17/20
2025-12-23 15:23:18,549 - INFO - [A] Batch 18/20
2025-12-23 15:23:18,939 - INFO - [A] Batch 19/20
2025-12-23 15:23:19,331 - INFO - [A] Batch 20/20
2025-12-23 15:23:19,726 - INFO - Saving results...
2025-12-23 15:23:19,729 - INFO - Done: results_imagenet_stats/val_dist_matrix_notreal2.pt
2025-12-23 15:23:46,596 - INFO - Starting script...
2025-12-23 15:23:46,596 - INFO - Building dataset...
2025-12-23 15:23:46,645 - INFO - Dataset has 500 images.
2025-12-23 15:23:46,718 - INFO - Using device: cuda
2025-12-23 15:23:46,937 - INFO - [A] Batch 1/17
2025-12-23 15:23:47,528 - INFO - [A] Batch 2/17
2025-12-23 15:23:47,961 - INFO - [A] Batch 3/17
2025-12-23 15:23:48,402 - INFO - [A] Batch 4/17
2025-12-23 15:23:48,846 - INFO - [A] Batch 5/17
2025-12-23 15:23:49,283 - INFO - [A] Batch 6/17
2025-12-23 15:23:49,711 - INFO - [A] Batch 7/17
2025-12-23 15:23:50,149 - INFO - [A] Batch 8/17
2025-12-23 15:23:50,593 - INFO - [A] Batch 9/17
2025-12-23 15:23:51,026 - INFO - [A] Batch 10/17
2025-12-23 15:23:51,458 - INFO - [A] Batch 11/17
2025-12-23 15:23:51,886 - INFO - [A] Batch 12/17
2025-12-23 15:23:52,312 - INFO - [A] Batch 13/17
2025-12-23 15:23:52,756 - INFO - [A] Batch 14/17
2025-12-23 15:23:53,184 - INFO - [A] Batch 15/17
2025-12-23 15:23:53,614 - INFO - [A] Batch 16/17
2025-12-23 15:23:54,037 - INFO - [A] Batch 17/17
2025-12-23 15:23:54,487 - INFO - Saving results...
2025-12-23 15:23:54,489 - INFO - Done: results_imagenet_stats/val_dist_matrix_notreal2.pt
2025-12-23 15:24:14,078 - INFO - Starting script...
2025-12-23 15:24:14,078 - INFO - Building dataset...
2025-12-23 15:24:14,128 - INFO - Dataset has 500 images.
2025-12-23 15:24:14,201 - INFO - Using device: cuda
2025-12-23 15:24:14,420 - INFO - [A] Batch 1/25
2025-12-23 15:24:14,843 - INFO - [A] Batch 2/25
2025-12-23 15:24:15,253 - INFO - [A] Batch 3/25
2025-12-23 15:24:15,660 - INFO - [A] Batch 4/25
2025-12-23 15:24:16,072 - INFO - [A] Batch 5/25
2025-12-23 15:24:16,489 - INFO - [A] Batch 6/25
2025-12-23 15:24:16,910 - INFO - [A] Batch 7/25
2025-12-23 15:24:17,331 - INFO - [A] Batch 8/25
2025-12-23 15:24:17,742 - INFO - [A] Batch 9/25
2025-12-23 15:24:18,162 - INFO - [A] Batch 10/25
2025-12-23 15:24:18,580 - INFO - [A] Batch 11/25
2025-12-23 15:24:18,989 - INFO - [A] Batch 12/25
2025-12-23 15:24:19,408 - INFO - [A] Batch 13/25
2025-12-23 15:24:19,816 - INFO - [A] Batch 14/25
2025-12-23 15:24:20,232 - INFO - [A] Batch 15/25
2025-12-23 15:24:20,651 - INFO - [A] Batch 16/25
2025-12-23 15:24:21,071 - INFO - [A] Batch 17/25
2025-12-23 15:24:21,483 - INFO - [A] Batch 18/25
2025-12-23 15:24:21,903 - INFO - [A] Batch 19/25
2025-12-23 15:24:22,313 - INFO - [A] Batch 20/25
2025-12-23 15:24:22,723 - INFO - [A] Batch 21/25
2025-12-23 15:24:23,128 - INFO - [A] Batch 22/25
2025-12-23 15:24:23,544 - INFO - [A] Batch 23/25
2025-12-23 15:24:23,951 - INFO - [A] Batch 24/25
2025-12-23 15:24:24,366 - INFO - [A] Batch 25/25
2025-12-23 15:24:24,791 - INFO - Saving results...
2025-12-23 15:24:24,793 - INFO - Done: results_imagenet_stats/val_dist_matrix_notreal2.pt
2025-12-23 15:25:09,339 - INFO - Starting script...
2025-12-23 15:25:09,339 - INFO - Building dataset...
2025-12-23 15:25:09,388 - INFO - Dataset has 50000 images.
2025-12-23 15:25:09,740 - INFO - Using device: cuda
2025-12-23 15:25:11,023 - INFO - [A] Batch 1/200
2025-12-23 15:25:39,864 - INFO - [A] Batch 2/200
2025-12-23 15:26:04,691 - INFO - Starting script...
2025-12-23 15:26:04,691 - INFO - Building dataset...
2025-12-23 15:26:04,740 - INFO - Dataset has 50000 images.
2025-12-23 15:26:05,023 - INFO - Using device: cuda
2025-12-23 15:26:06,697 - INFO - [A] Batch 1/200
2025-12-23 15:26:23,247 - INFO - [A] Batch 2/200
2025-12-23 15:26:46,009 - INFO - Starting script...
2025-12-23 15:26:46,009 - INFO - Building dataset...
2025-12-23 15:26:46,058 - INFO - Dataset has 50000 images.
2025-12-23 15:26:46,347 - INFO - Using device: cuda
2025-12-23 15:26:48,168 - INFO - [A] Batch 1/200
2025-12-23 15:27:03,671 - INFO - [A] Batch 2/200
2025-12-23 15:27:18,671 - INFO - [A] Batch 3/200
2025-12-23 15:27:26,942 - INFO - Starting script...
2025-12-23 15:27:26,942 - INFO - Building dataset...
2025-12-23 15:27:26,992 - INFO - Dataset has 50000 images.
2025-12-23 15:27:27,298 - INFO - Using device: cuda
2025-12-23 15:27:29,200 - INFO - [A] Batch 1/200
2025-12-23 15:27:45,552 - INFO - [A] Batch 2/200
2025-12-23 15:28:02,203 - INFO - [A] Batch 3/200
2025-12-23 15:28:18,624 - INFO - [A] Batch 4/200
2025-12-23 15:28:43,555 - INFO - Starting script...
2025-12-23 15:28:43,555 - INFO - Building dataset...
2025-12-23 15:28:43,604 - INFO - Dataset has 50000 images.
2025-12-23 15:28:43,887 - INFO - Using device: cuda
2025-12-23 15:28:45,780 - INFO - [A] Batch 1/200
2025-12-23 15:29:00,963 - INFO - [A] Batch 2/200
2025-12-23 15:29:15,707 - INFO - [A] Batch 3/200
2025-12-23 15:29:30,732 - INFO - [A] Batch 4/200
2025-12-23 15:29:45,888 - INFO - [A] Batch 5/200
2025-12-23 15:30:00,999 - INFO - [A] Batch 6/200
2025-12-23 15:30:16,335 - INFO - [A] Batch 7/200
2025-12-23 15:30:31,606 - INFO - [A] Batch 8/200
2025-12-23 15:30:46,652 - INFO - [A] Batch 9/200
2025-12-23 15:31:01,662 - INFO - [A] Batch 10/200
2025-12-23 15:31:16,762 - INFO - [A] Batch 11/200
2025-12-23 15:31:32,151 - INFO - [A] Batch 12/200
2025-12-23 15:31:47,433 - INFO - [A] Batch 13/200
2025-12-23 15:32:02,462 - INFO - [A] Batch 14/200
2025-12-23 15:32:17,556 - INFO - [A] Batch 15/200
2025-12-23 15:32:32,986 - INFO - [A] Batch 16/200
2025-12-23 15:32:48,308 - INFO - [A] Batch 17/200
2025-12-23 15:33:03,322 - INFO - [A] Batch 18/200
2025-12-23 15:33:18,652 - INFO - [A] Batch 19/200
2025-12-23 15:33:33,910 - INFO - [A] Batch 20/200
2025-12-23 15:33:49,054 - INFO - [A] Batch 21/200
2025-12-23 15:34:04,452 - INFO - [A] Batch 22/200
2025-12-23 15:34:19,583 - INFO - [A] Batch 23/200
2025-12-23 15:34:34,623 - INFO - [A] Batch 24/200
2025-12-23 15:34:51,011 - INFO - [A] Batch 25/200
2025-12-23 15:35:06,514 - INFO - [A] Batch 26/200
2025-12-23 15:35:22,091 - INFO - [A] Batch 27/200
2025-12-23 15:35:37,275 - INFO - [A] Batch 28/200
2025-12-23 15:35:52,526 - INFO - [A] Batch 29/200
2025-12-23 15:36:08,091 - INFO - [A] Batch 30/200
2025-12-23 15:36:23,691 - INFO - [A] Batch 31/200
2025-12-23 15:36:38,978 - INFO - [A] Batch 32/200
2025-12-23 15:36:54,688 - INFO - [A] Batch 33/200
2025-12-23 15:37:09,947 - INFO - [A] Batch 34/200
2025-12-23 15:37:25,008 - INFO - [A] Batch 35/200
2025-12-23 15:37:40,785 - INFO - [A] Batch 36/200
2025-12-23 15:37:56,480 - INFO - [A] Batch 37/200
2025-12-23 15:38:11,973 - INFO - [A] Batch 38/200
2025-12-23 15:38:27,770 - INFO - [A] Batch 39/200
2025-12-23 15:38:43,495 - INFO - [A] Batch 40/200
2025-12-23 15:38:58,767 - INFO - [A] Batch 41/200
2025-12-23 15:39:14,419 - INFO - [A] Batch 42/200
2025-12-23 15:39:29,530 - INFO - [A] Batch 43/200
2025-12-23 15:39:44,907 - INFO - [A] Batch 44/200
2025-12-23 15:40:00,808 - INFO - [A] Batch 45/200
2025-12-23 15:40:16,730 - INFO - [A] Batch 46/200
2025-12-23 15:40:32,734 - INFO - [A] Batch 47/200
2025-12-23 15:40:48,261 - INFO - [A] Batch 48/200
2025-12-23 15:41:04,074 - INFO - [A] Batch 49/200
2025-12-23 15:41:20,148 - INFO - [A] Batch 50/200
2025-12-23 15:41:36,076 - INFO - [A] Batch 51/200
2025-12-23 15:41:51,767 - INFO - [A] Batch 52/200
2025-12-23 15:42:06,871 - INFO - [A] Batch 53/200
2025-12-23 15:42:22,692 - INFO - [A] Batch 54/200
2025-12-23 15:42:38,298 - INFO - [A] Batch 55/200
2025-12-23 15:42:54,428 - INFO - [A] Batch 56/200
2025-12-23 15:43:10,327 - INFO - [A] Batch 57/200
2025-12-23 15:43:25,759 - INFO - [A] Batch 58/200
2025-12-23 15:43:41,701 - INFO - [A] Batch 59/200
2025-12-23 15:43:57,578 - INFO - [A] Batch 60/200
2025-12-23 15:44:13,556 - INFO - [A] Batch 61/200
2025-12-23 15:44:30,385 - INFO - [A] Batch 62/200
2025-12-23 15:44:47,404 - INFO - [A] Batch 63/200
2025-12-23 15:45:04,139 - INFO - [A] Batch 64/200
2025-12-23 15:45:21,260 - INFO - [A] Batch 65/200
2025-12-23 15:45:38,895 - INFO - [A] Batch 66/200
2025-12-23 15:45:56,507 - INFO - [A] Batch 67/200
2025-12-23 15:46:13,713 - INFO - [A] Batch 68/200
2025-12-23 15:46:30,809 - INFO - [A] Batch 69/200
2025-12-23 15:46:48,505 - INFO - [A] Batch 70/200
2025-12-23 15:47:04,928 - INFO - [A] Batch 71/200
2025-12-23 15:47:19,895 - INFO - [A] Batch 72/200
2025-12-23 15:47:35,240 - INFO - [A] Batch 73/200
2025-12-23 15:47:50,161 - INFO - [A] Batch 74/200
2025-12-23 15:48:05,201 - INFO - [A] Batch 75/200
2025-12-23 15:48:20,455 - INFO - [A] Batch 76/200
2025-12-23 15:48:35,623 - INFO - [A] Batch 77/200
2025-12-23 15:48:51,270 - INFO - [A] Batch 78/200
2025-12-23 15:49:06,610 - INFO - [A] Batch 79/200
2025-12-23 15:49:21,723 - INFO - [A] Batch 80/200
2025-12-23 15:49:36,898 - INFO - [A] Batch 81/200
2025-12-23 15:49:52,263 - INFO - [A] Batch 82/200
2025-12-23 15:50:07,585 - INFO - [A] Batch 83/200
2025-12-23 15:50:23,448 - INFO - [A] Batch 84/200
2025-12-23 15:50:41,145 - INFO - [A] Batch 85/200
2025-12-23 15:50:57,842 - INFO - [A] Batch 86/200
2025-12-23 15:51:15,877 - INFO - [A] Batch 87/200
2025-12-23 15:51:32,335 - INFO - [A] Batch 88/200
2025-12-23 15:51:48,498 - INFO - [A] Batch 89/200
2025-12-23 15:52:05,077 - INFO - [A] Batch 90/200
2025-12-23 15:52:21,662 - INFO - [A] Batch 91/200
2025-12-23 15:52:38,034 - INFO - [A] Batch 92/200
2025-12-23 15:52:55,780 - INFO - [A] Batch 93/200
2025-12-23 15:53:13,150 - INFO - [A] Batch 94/200
2025-12-23 15:53:31,580 - INFO - [A] Batch 95/200
2025-12-23 15:53:49,621 - INFO - [A] Batch 96/200
2025-12-23 15:54:05,779 - INFO - [A] Batch 97/200
2025-12-23 15:54:21,774 - INFO - [A] Batch 98/200
2025-12-23 15:54:39,057 - INFO - [A] Batch 99/200
2025-12-23 15:54:56,869 - INFO - [A] Batch 100/200
2025-12-23 15:55:14,651 - INFO - [A] Batch 101/200
2025-12-23 15:55:31,844 - INFO - [A] Batch 102/200
2025-12-23 15:55:48,227 - INFO - [A] Batch 103/200
2025-12-23 15:56:05,764 - INFO - [A] Batch 104/200
2025-12-23 15:56:24,266 - INFO - [A] Batch 105/200
2025-12-23 15:56:41,691 - INFO - [A] Batch 106/200
2025-12-23 15:56:58,046 - INFO - [A] Batch 107/200
2025-12-23 15:57:15,143 - INFO - [A] Batch 108/200
2025-12-23 15:57:31,740 - INFO - [A] Batch 109/200
2025-12-23 15:57:48,032 - INFO - [A] Batch 110/200
2025-12-23 15:58:05,118 - INFO - [A] Batch 111/200
2025-12-23 15:58:21,700 - INFO - [A] Batch 112/200
2025-12-23 15:58:38,819 - INFO - [A] Batch 113/200
2025-12-23 15:58:54,732 - INFO - [A] Batch 114/200
2025-12-23 15:59:11,727 - INFO - [A] Batch 115/200
2025-12-23 15:59:29,383 - INFO - [A] Batch 116/200
2025-12-23 15:59:46,227 - INFO - [A] Batch 117/200
2025-12-23 16:00:03,749 - INFO - [A] Batch 118/200
2025-12-23 16:00:20,357 - INFO - [A] Batch 119/200
2025-12-23 16:00:36,654 - INFO - [A] Batch 120/200
2025-12-23 16:00:54,212 - INFO - [A] Batch 121/200
2025-12-23 16:01:11,776 - INFO - [A] Batch 122/200
2025-12-23 16:01:28,963 - INFO - [A] Batch 123/200
2025-12-23 16:01:45,976 - INFO - [A] Batch 124/200
2025-12-23 16:02:02,943 - INFO - [A] Batch 125/200
2025-12-23 16:02:19,803 - INFO - [A] Batch 126/200
2025-12-23 16:02:35,768 - INFO - [A] Batch 127/200
2025-12-23 16:02:53,749 - INFO - [A] Batch 128/200
2025-12-23 16:03:11,117 - INFO - [A] Batch 129/200
2025-12-23 16:03:28,745 - INFO - [A] Batch 130/200
2025-12-23 16:03:46,470 - INFO - [A] Batch 131/200
2025-12-23 16:04:03,927 - INFO - [A] Batch 132/200
2025-12-23 16:04:20,275 - INFO - [A] Batch 133/200
2025-12-23 16:04:36,773 - INFO - [A] Batch 134/200
2025-12-23 16:04:52,978 - INFO - [A] Batch 135/200
2025-12-23 16:05:09,092 - INFO - [A] Batch 136/200
2025-12-23 16:05:26,862 - INFO - [A] Batch 137/200
2025-12-23 16:05:43,997 - INFO - [A] Batch 138/200
2025-12-23 16:06:01,036 - INFO - [A] Batch 139/200
2025-12-23 16:06:18,407 - INFO - [A] Batch 140/200
2025-12-23 16:06:34,571 - INFO - [A] Batch 141/200
2025-12-23 16:06:51,556 - INFO - [A] Batch 142/200
2025-12-23 16:07:08,945 - INFO - [A] Batch 143/200
2025-12-23 16:07:26,618 - INFO - [A] Batch 144/200
2025-12-23 16:07:44,639 - INFO - [A] Batch 145/200
2025-12-23 16:08:03,016 - INFO - [A] Batch 146/200
2025-12-23 16:08:21,018 - INFO - [A] Batch 147/200
2025-12-23 16:08:38,717 - INFO - [A] Batch 148/200
2025-12-23 16:08:54,860 - INFO - [A] Batch 149/200
2025-12-23 16:09:10,467 - INFO - [A] Batch 150/200
2025-12-23 16:09:27,864 - INFO - [A] Batch 151/200
2025-12-23 16:09:44,950 - INFO - [A] Batch 152/200
2025-12-23 16:10:02,438 - INFO - [A] Batch 153/200
2025-12-23 16:10:19,649 - INFO - [A] Batch 154/200
2025-12-23 16:10:35,723 - INFO - [A] Batch 155/200
2025-12-23 16:10:53,157 - INFO - [A] Batch 156/200
2025-12-23 16:11:09,424 - INFO - [A] Batch 157/200
2025-12-23 16:11:26,170 - INFO - [A] Batch 158/200
2025-12-23 16:11:42,783 - INFO - [A] Batch 159/200
2025-12-23 16:11:59,088 - INFO - [A] Batch 160/200
2025-12-23 16:12:16,318 - INFO - [A] Batch 161/200
2025-12-23 16:12:33,753 - INFO - [A] Batch 162/200
2025-12-23 16:12:50,373 - INFO - [A] Batch 163/200
2025-12-23 16:13:07,333 - INFO - [A] Batch 164/200
2025-12-23 16:13:24,472 - INFO - [A] Batch 165/200
2025-12-23 16:13:40,319 - INFO - [A] Batch 166/200
2025-12-23 16:13:56,803 - INFO - [A] Batch 167/200
2025-12-23 16:14:13,344 - INFO - [A] Batch 168/200
2025-12-23 16:14:30,474 - INFO - [A] Batch 169/200
2025-12-23 16:14:47,940 - INFO - [A] Batch 170/200
2025-12-23 16:15:05,320 - INFO - [A] Batch 171/200
2025-12-23 16:15:23,130 - INFO - [A] Batch 172/200
2025-12-23 16:15:40,058 - INFO - [A] Batch 173/200
2025-12-23 16:15:58,592 - INFO - [A] Batch 174/200
2025-12-23 16:16:16,588 - INFO - [A] Batch 175/200
2025-12-23 16:16:34,988 - INFO - [A] Batch 176/200
2025-12-23 16:16:51,297 - INFO - [A] Batch 177/200
2025-12-23 16:17:07,703 - INFO - [A] Batch 178/200
2025-12-23 16:17:24,964 - INFO - [A] Batch 179/200
2025-12-23 16:17:43,543 - INFO - [A] Batch 180/200
2025-12-23 16:18:02,381 - INFO - [A] Batch 181/200
2025-12-23 16:18:20,296 - INFO - [A] Batch 182/200
2025-12-23 16:18:38,556 - INFO - [A] Batch 183/200
2025-12-23 16:18:56,541 - INFO - [A] Batch 184/200
2025-12-23 16:19:14,729 - INFO - [A] Batch 185/200
2025-12-23 16:19:33,138 - INFO - [A] Batch 186/200
2025-12-23 16:19:51,404 - INFO - [A] Batch 187/200
2025-12-23 16:20:09,509 - INFO - [A] Batch 188/200
2025-12-23 16:20:28,032 - INFO - [A] Batch 189/200
2025-12-23 16:20:46,255 - INFO - [A] Batch 190/200
2025-12-23 16:21:04,373 - INFO - [A] Batch 191/200
2025-12-23 16:21:21,091 - INFO - [A] Batch 192/200
2025-12-23 16:21:37,929 - INFO - [A] Batch 193/200
2025-12-23 16:21:55,251 - INFO - [A] Batch 194/200
2025-12-23 16:22:12,671 - INFO - [A] Batch 195/200
2025-12-23 16:22:31,098 - INFO - [A] Batch 196/200
2025-12-23 16:22:48,273 - INFO - [A] Batch 197/200
2025-12-23 16:23:06,350 - INFO - [A] Batch 198/200
2025-12-23 16:23:24,418 - INFO - [A] Batch 199/200
2025-12-23 16:23:43,541 - INFO - [A] Batch 200/200
2025-12-23 16:24:02,089 - INFO - Saving results...
2025-12-23 16:24:06,393 - INFO - Done: results_imagenet_stats/val_dist_matrix_REAL.pt
2025-12-23 16:24:48,558 - INFO - Starting script...
2025-12-23 16:24:48,558 - INFO - Building dataset...
2025-12-23 16:24:48,607 - INFO - Dataset has 50000 images.
2025-12-23 16:24:48,951 - INFO - Using device: cuda
2025-12-23 16:24:51,911 - INFO - [A] Batch 1/200
2025-12-23 16:25:39,319 - INFO - Starting script...
2025-12-23 16:25:39,320 - INFO - Building dataset...
2025-12-23 16:25:39,370 - INFO - Dataset has 50000 images.
2025-12-23 16:25:39,728 - INFO - Using device: cuda
2025-12-23 16:25:42,048 - INFO - [A] Batch 1/200
2025-12-23 16:26:22,679 - INFO - Starting script...
2025-12-23 16:26:22,680 - INFO - Building dataset...
2025-12-23 16:26:22,798 - INFO - Dataset has 50000 images.
2025-12-23 16:26:46,527 - INFO - Using device: cuda
2025-12-23 16:26:54,050 - INFO - [A] Batch 1/200
2025-12-23 16:29:02,538 - INFO - Starting script...
2025-12-23 16:29:02,538 - INFO - Building dataset...
2025-12-23 16:29:02,658 - INFO - Dataset has 50000 images.
2025-12-23 16:29:09,651 - INFO - Starting script...
2025-12-23 16:29:09,651 - INFO - Building dataset...
2025-12-23 16:29:09,700 - INFO - Dataset has 50000 images.
2025-12-23 16:29:10,070 - INFO - Using device: cuda
2025-12-23 16:29:11,059 - INFO - [A] Batch 1/2500
2025-12-23 16:29:34,159 - INFO - [A] Batch 2/2500
2025-12-23 16:29:57,086 - INFO - [A] Batch 3/2500
2025-12-23 16:30:12,262 - INFO - Starting script...
2025-12-23 16:30:12,263 - INFO - Building dataset...
2025-12-23 16:30:12,312 - INFO - Dataset has 50000 images.
2025-12-23 16:30:12,660 - INFO - Using device: cuda
2025-12-23 16:30:14,304 - INFO - [A] Batch 1/250
2025-12-23 16:30:24,447 - INFO - Starting script...
2025-12-23 16:30:24,447 - INFO - Building dataset...
2025-12-23 16:30:24,496 - INFO - Dataset has 50000 images.
2025-12-23 16:30:24,843 - INFO - Using device: cuda
2025-12-23 16:30:26,139 - INFO - [A] Batch 1/500
2025-12-23 16:30:37,112 - INFO - Starting script...
2025-12-23 16:30:37,112 - INFO - Building dataset...
2025-12-23 16:30:37,162 - INFO - Dataset has 50000 images.
2025-12-23 16:30:37,508 - INFO - Using device: cuda
2025-12-23 16:30:38,588 - INFO - [A] Batch 1/1000
2025-12-23 16:30:47,274 - INFO - Starting script...
2025-12-23 16:30:47,275 - INFO - Building dataset...
2025-12-23 16:30:47,324 - INFO - Dataset has 50000 images.
2025-12-23 16:30:47,682 - INFO - Using device: cuda
2025-12-23 16:30:48,687 - INFO - [A] Batch 1/1667
2025-12-23 16:30:56,176 - INFO - Starting script...
2025-12-23 16:30:56,176 - INFO - Building dataset...
2025-12-23 16:30:56,226 - INFO - Dataset has 50000 images.
2025-12-23 16:30:56,573 - INFO - Using device: cuda
2025-12-23 16:30:57,576 - INFO - [A] Batch 1/2000
2025-12-23 16:31:21,885 - INFO - [A] Batch 2/2000
2025-12-23 16:31:44,469 - INFO - Starting script...
2025-12-23 16:31:44,469 - INFO - Building dataset...
2025-12-23 16:31:44,586 - INFO - Dataset has 50000 images.
2025-12-23 16:31:44,950 - INFO - Using device: cuda
2025-12-23 16:31:56,677 - INFO - Starting script...
2025-12-23 16:31:56,677 - INFO - Building dataset...
2025-12-23 16:31:56,726 - INFO - Dataset has 50000 images.
2025-12-23 16:31:57,052 - INFO - Using device: cuda
2025-12-23 16:31:57,548 - INFO - [A] Batch 1/2000
2025-12-23 16:32:07,459 - INFO - [A] Batch 1/2000
2025-12-23 16:32:45,216 - INFO - Starting script...
2025-12-23 16:32:45,217 - INFO - Building dataset...
2025-12-23 16:32:45,334 - INFO - Dataset has 50000 images.
2025-12-23 16:32:45,708 - INFO - Using device: cuda
2025-12-23 16:32:46,714 - INFO - [A] Batch 1/1924
