2025-12-24 11:54:22,901 - INFO - Building dataset...
2025-12-24 11:54:22,951 - INFO - Dataset has 50000 images.
2025-12-24 11:54:22,951 - INFO - Loading distance matrix from results_imagenet_stats/val_dist_matrix_REAL.pt...
2025-12-24 11:55:06,816 - INFO - Building dataset...
2025-12-24 11:55:06,865 - INFO - Dataset has 50000 images.
2025-12-24 11:55:06,865 - INFO - Loading distance matrix from results_imagenet_stats/val_dist_matrix_REAL.pt...
2025-12-24 11:55:18,340 - INFO - Building dataset...
2025-12-24 11:55:18,457 - INFO - Dataset has 50000 images.
2025-12-24 11:55:18,458 - INFO - Loading distance matrix from results_imagenet_stats/val_dist_matrix_REAL.pt...
2025-12-24 11:56:18,620 - INFO - Building dataset...
2025-12-24 11:56:18,737 - INFO - Dataset has 50000 images.
2025-12-24 11:56:18,737 - INFO - Loading distance matrix from results_imagenet_stats/val_dist_matrix_REAL.pt...
2025-12-24 11:56:47,284 - INFO - Building dataset...
2025-12-24 11:56:47,401 - INFO - Dataset has 50000 images.
2025-12-24 11:56:47,401 - INFO - Loading distance matrix from results_imagenet_stats/val_dist_matrix_REAL.pt...
2025-12-24 11:57:13,794 - INFO - Finding nearest neighbors...
2025-12-24 12:02:34,065 - INFO - Top-1 NN Accuracy: 0.95%
2025-12-24 12:07:10,086 - INFO - Building dataset...
2025-12-24 12:07:10,135 - INFO - Dataset has 50000 images.
2025-12-24 12:07:10,135 - INFO - Loading distance matrix from results_imagenet_stats/val_dist_matrix_REAL.pt...
2025-12-24 12:07:13,003 - INFO - Finding top-1 nearest neighbors...
2025-12-24 12:07:13,290 - INFO - Top-1 NN Accuracy: 0.95%
2025-12-24 12:07:13,529 - INFO - Building dataset...
2025-12-24 12:07:13,577 - INFO - Dataset has 50000 images.
2025-12-24 12:07:13,578 - INFO - Loading distance matrix from results_imagenet_stats/val_dist_matrix_REAL.pt...
2025-12-24 12:07:16,457 - INFO - Finding top-2 nearest neighbors...
2025-12-24 12:07:16,735 - INFO - Top-2 NN Accuracy: 1.55%
2025-12-24 12:07:16,994 - INFO - Building dataset...
2025-12-24 12:07:17,041 - INFO - Dataset has 50000 images.
2025-12-24 12:07:17,041 - INFO - Loading distance matrix from results_imagenet_stats/val_dist_matrix_REAL.pt...
2025-12-24 12:07:19,915 - INFO - Finding top-3 nearest neighbors...
2025-12-24 12:07:20,207 - INFO - Top-3 NN Accuracy: 2.09%
2025-12-24 12:07:20,459 - INFO - Building dataset...
2025-12-24 12:07:20,514 - INFO - Dataset has 50000 images.
2025-12-24 12:07:20,514 - INFO - Loading distance matrix from results_imagenet_stats/val_dist_matrix_REAL.pt...
2025-12-24 12:07:23,387 - INFO - Finding top-4 nearest neighbors...
2025-12-24 12:07:23,661 - INFO - Top-4 NN Accuracy: 2.57%
2025-12-24 12:07:23,918 - INFO - Building dataset...
2025-12-24 12:07:23,965 - INFO - Dataset has 50000 images.
2025-12-24 12:07:23,965 - INFO - Loading distance matrix from results_imagenet_stats/val_dist_matrix_REAL.pt...
2025-12-24 12:07:26,858 - INFO - Finding top-5 nearest neighbors...
2025-12-24 12:07:27,138 - INFO - Top-5 NN Accuracy: 2.96%
2025-12-24 12:07:27,399 - INFO - Building dataset...
2025-12-24 12:07:27,447 - INFO - Dataset has 50000 images.
2025-12-24 12:07:27,447 - INFO - Loading distance matrix from results_imagenet_stats/val_dist_matrix_REAL.pt...
2025-12-24 12:07:30,340 - INFO - Finding top-6 nearest neighbors...
2025-12-24 12:07:30,618 - INFO - Top-6 NN Accuracy: 3.35%
2025-12-24 12:07:30,871 - INFO - Building dataset...
2025-12-24 12:07:30,917 - INFO - Dataset has 50000 images.
2025-12-24 12:07:30,917 - INFO - Loading distance matrix from results_imagenet_stats/val_dist_matrix_REAL.pt...
2025-12-24 12:07:33,734 - INFO - Finding top-7 nearest neighbors...
2025-12-24 12:07:34,009 - INFO - Top-7 NN Accuracy: 3.68%
2025-12-24 12:07:34,268 - INFO - Building dataset...
2025-12-24 12:07:34,314 - INFO - Dataset has 50000 images.
2025-12-24 12:07:34,314 - INFO - Loading distance matrix from results_imagenet_stats/val_dist_matrix_REAL.pt...
2025-12-24 12:07:37,129 - INFO - Finding top-8 nearest neighbors...
2025-12-24 12:07:37,402 - INFO - Top-8 NN Accuracy: 4.03%
2025-12-24 12:07:37,655 - INFO - Building dataset...
2025-12-24 12:07:37,701 - INFO - Dataset has 50000 images.
2025-12-24 12:07:37,701 - INFO - Loading distance matrix from results_imagenet_stats/val_dist_matrix_REAL.pt...
2025-12-24 12:07:40,537 - INFO - Finding top-9 nearest neighbors...
2025-12-24 12:07:40,803 - INFO - Top-9 NN Accuracy: 4.37%
2025-12-24 12:07:41,065 - INFO - Building dataset...
2025-12-24 12:07:41,111 - INFO - Dataset has 50000 images.
2025-12-24 12:07:41,111 - INFO - Loading distance matrix from results_imagenet_stats/val_dist_matrix_REAL.pt...
2025-12-24 12:07:43,942 - INFO - Finding top-10 nearest neighbors...
2025-12-24 12:07:44,213 - INFO - Top-10 NN Accuracy: 4.72%
2025-12-24 14:47:27,464 - INFO - Building dataset...
2025-12-24 14:47:27,514 - INFO - Dataset has 50000 images.
2025-12-24 14:47:27,514 - INFO - Loading distance matrix from results_imagenet_stats/val_dist_matrix_REAL.pt...
2025-12-24 14:47:30,454 - INFO - Finding top-1 nearest neighbors...
2025-12-24 14:47:30,742 - INFO - Top-1 NN Accuracy: 0.95%
2025-12-24 14:47:31,083 - INFO - Building dataset...
2025-12-24 14:47:31,131 - INFO - Dataset has 50000 images.
2025-12-24 14:47:31,131 - INFO - Loading distance matrix from results_imagenet_stats/val_dist_matrix_REAL.pt...
2025-12-24 14:47:34,076 - INFO - Finding top-1 nearest neighbors...
2025-12-24 14:47:34,354 - INFO - Top-1 NN Accuracy: 0.95%
2025-12-24 14:47:34,356 - INFO - Top-1 Superclass NN Accuracy: 11.18%
2025-12-24 14:47:34,674 - INFO - Building dataset...
2025-12-24 14:47:34,722 - INFO - Dataset has 50000 images.
2025-12-24 14:47:34,722 - INFO - Loading distance matrix from results_imagenet_stats/val_dist_matrix_REAL.pt...
2025-12-24 14:47:37,682 - INFO - Finding top-2 nearest neighbors...
2025-12-24 14:47:37,957 - INFO - Top-2 NN Accuracy: 1.55%
2025-12-24 14:47:38,293 - INFO - Building dataset...
2025-12-24 14:47:38,341 - INFO - Dataset has 50000 images.
2025-12-24 14:47:38,341 - INFO - Loading distance matrix from results_imagenet_stats/val_dist_matrix_REAL.pt...
2025-12-24 14:47:41,292 - INFO - Finding top-2 nearest neighbors...
2025-12-24 14:47:41,569 - INFO - Top-2 NN Accuracy: 1.55%
2025-12-24 14:47:41,571 - INFO - Top-2 Superclass NN Accuracy: 19.50%
2025-12-24 14:47:41,912 - INFO - Building dataset...
2025-12-24 14:47:41,960 - INFO - Dataset has 50000 images.
2025-12-24 14:47:41,960 - INFO - Loading distance matrix from results_imagenet_stats/val_dist_matrix_REAL.pt...
2025-12-24 14:47:44,908 - INFO - Finding top-3 nearest neighbors...
2025-12-24 14:47:45,188 - INFO - Top-3 NN Accuracy: 2.09%
2025-12-24 14:47:45,520 - INFO - Building dataset...
2025-12-24 14:47:45,567 - INFO - Dataset has 50000 images.
2025-12-24 14:47:45,567 - INFO - Loading distance matrix from results_imagenet_stats/val_dist_matrix_REAL.pt...
2025-12-24 14:47:48,523 - INFO - Finding top-3 nearest neighbors...
2025-12-24 14:47:48,803 - INFO - Top-3 NN Accuracy: 2.09%
2025-12-24 14:47:48,805 - INFO - Top-3 Superclass NN Accuracy: 26.26%
2025-12-24 14:47:49,134 - INFO - Building dataset...
2025-12-24 14:47:49,181 - INFO - Dataset has 50000 images.
2025-12-24 14:47:49,181 - INFO - Loading distance matrix from results_imagenet_stats/val_dist_matrix_REAL.pt...
2025-12-24 14:47:52,127 - INFO - Finding top-4 nearest neighbors...
2025-12-24 14:47:52,405 - INFO - Top-4 NN Accuracy: 2.57%
2025-12-24 14:47:52,740 - INFO - Building dataset...
2025-12-24 14:47:52,787 - INFO - Dataset has 50000 images.
2025-12-24 14:47:52,787 - INFO - Loading distance matrix from results_imagenet_stats/val_dist_matrix_REAL.pt...
2025-12-24 14:47:55,741 - INFO - Finding top-4 nearest neighbors...
2025-12-24 14:47:56,021 - INFO - Top-4 NN Accuracy: 2.57%
2025-12-24 14:47:56,022 - INFO - Top-4 Superclass NN Accuracy: 31.80%
2025-12-24 14:47:56,362 - INFO - Building dataset...
2025-12-24 14:47:56,409 - INFO - Dataset has 50000 images.
2025-12-24 14:47:56,409 - INFO - Loading distance matrix from results_imagenet_stats/val_dist_matrix_REAL.pt...
2025-12-24 14:47:59,360 - INFO - Finding top-5 nearest neighbors...
2025-12-24 14:47:59,643 - INFO - Top-5 NN Accuracy: 2.96%
2025-12-24 14:47:59,986 - INFO - Building dataset...
2025-12-24 14:48:00,032 - INFO - Dataset has 50000 images.
2025-12-24 14:48:00,032 - INFO - Loading distance matrix from results_imagenet_stats/val_dist_matrix_REAL.pt...
2025-12-24 14:48:03,002 - INFO - Finding top-5 nearest neighbors...
2025-12-24 14:48:03,281 - INFO - Top-5 NN Accuracy: 2.96%
2025-12-24 14:48:03,283 - INFO - Top-5 Superclass NN Accuracy: 36.35%
2025-12-24 14:48:03,616 - INFO - Building dataset...
2025-12-24 14:48:03,663 - INFO - Dataset has 50000 images.
2025-12-24 14:48:03,663 - INFO - Loading distance matrix from results_imagenet_stats/val_dist_matrix_REAL.pt...
2025-12-24 14:48:06,618 - INFO - Finding top-6 nearest neighbors...
2025-12-24 14:48:06,901 - INFO - Top-6 NN Accuracy: 3.35%
2025-12-24 14:48:07,240 - INFO - Building dataset...
2025-12-24 14:48:07,286 - INFO - Dataset has 50000 images.
2025-12-24 14:48:07,287 - INFO - Loading distance matrix from results_imagenet_stats/val_dist_matrix_REAL.pt...
2025-12-24 14:48:10,252 - INFO - Finding top-6 nearest neighbors...
2025-12-24 14:48:10,528 - INFO - Top-6 NN Accuracy: 3.35%
2025-12-24 14:48:10,530 - INFO - Top-6 Superclass NN Accuracy: 40.16%
2025-12-24 14:48:10,873 - INFO - Building dataset...
2025-12-24 14:48:10,920 - INFO - Dataset has 50000 images.
2025-12-24 14:48:10,920 - INFO - Loading distance matrix from results_imagenet_stats/val_dist_matrix_REAL.pt...
2025-12-24 14:48:13,879 - INFO - Finding top-7 nearest neighbors...
2025-12-24 14:48:14,158 - INFO - Top-7 NN Accuracy: 3.68%
2025-12-24 14:48:14,499 - INFO - Building dataset...
2025-12-24 14:48:14,546 - INFO - Dataset has 50000 images.
2025-12-24 14:48:14,546 - INFO - Loading distance matrix from results_imagenet_stats/val_dist_matrix_REAL.pt...
2025-12-24 14:48:17,495 - INFO - Finding top-7 nearest neighbors...
2025-12-24 14:48:17,776 - INFO - Top-7 NN Accuracy: 3.68%
2025-12-24 14:48:17,777 - INFO - Top-7 Superclass NN Accuracy: 43.42%
2025-12-24 14:48:18,097 - INFO - Building dataset...
2025-12-24 14:48:18,144 - INFO - Dataset has 50000 images.
2025-12-24 14:48:18,144 - INFO - Loading distance matrix from results_imagenet_stats/val_dist_matrix_REAL.pt...
2025-12-24 14:48:21,102 - INFO - Finding top-8 nearest neighbors...
2025-12-24 14:48:21,389 - INFO - Top-8 NN Accuracy: 4.03%
2025-12-24 14:48:21,734 - INFO - Building dataset...
2025-12-24 14:48:21,780 - INFO - Dataset has 50000 images.
2025-12-24 14:48:21,780 - INFO - Loading distance matrix from results_imagenet_stats/val_dist_matrix_REAL.pt...
2025-12-24 14:48:24,730 - INFO - Finding top-8 nearest neighbors...
2025-12-24 14:48:25,010 - INFO - Top-8 NN Accuracy: 4.03%
2025-12-24 14:48:25,012 - INFO - Top-8 Superclass NN Accuracy: 46.26%
2025-12-24 14:48:25,357 - INFO - Building dataset...
2025-12-24 14:48:25,404 - INFO - Dataset has 50000 images.
2025-12-24 14:48:25,404 - INFO - Loading distance matrix from results_imagenet_stats/val_dist_matrix_REAL.pt...
2025-12-24 14:48:28,362 - INFO - Finding top-9 nearest neighbors...
2025-12-24 14:48:28,642 - INFO - Top-9 NN Accuracy: 4.37%
2025-12-24 14:48:28,985 - INFO - Building dataset...
2025-12-24 14:48:29,032 - INFO - Dataset has 50000 images.
2025-12-24 14:48:29,032 - INFO - Loading distance matrix from results_imagenet_stats/val_dist_matrix_REAL.pt...
2025-12-24 14:48:37,747 - INFO - Building dataset...
2025-12-24 14:48:37,796 - INFO - Dataset has 50000 images.
2025-12-24 14:48:37,796 - INFO - Loading distance matrix from results_imagenet_stats/val_dist_matrix_REAL.pt...
2025-12-24 14:48:40,756 - INFO - Finding top-1 nearest neighbors...
2025-12-24 14:48:41,030 - INFO - Top-1 NN Accuracy: 0.95%
2025-12-24 14:48:41,352 - INFO - Building dataset...
2025-12-24 14:48:41,400 - INFO - Dataset has 50000 images.
2025-12-24 14:48:41,400 - INFO - Loading distance matrix from results_imagenet_stats/val_dist_matrix_REAL.pt...
2025-12-24 14:48:44,344 - INFO - Finding top-1 nearest neighbors...
2025-12-24 14:48:44,620 - INFO - Top-1 NN Accuracy: 0.95%
2025-12-24 14:48:44,622 - INFO - Top-1 Superclass NN Accuracy: 11.18%
2025-12-24 14:48:44,963 - INFO - Building dataset...
2025-12-24 14:48:45,011 - INFO - Dataset has 50000 images.
2025-12-24 14:48:45,011 - INFO - Loading distance matrix from results_imagenet_stats/val_dist_matrix_REAL.pt...
2025-12-24 14:48:47,952 - INFO - Finding top-2 nearest neighbors...
2025-12-24 14:48:48,235 - INFO - Top-2 NN Accuracy: 1.55%
2025-12-24 14:48:48,574 - INFO - Building dataset...
2025-12-24 14:48:48,621 - INFO - Dataset has 50000 images.
2025-12-24 14:48:48,622 - INFO - Loading distance matrix from results_imagenet_stats/val_dist_matrix_REAL.pt...
2025-12-24 14:48:51,565 - INFO - Finding top-2 nearest neighbors...
2025-12-24 14:48:51,854 - INFO - Top-2 NN Accuracy: 1.55%
2025-12-24 14:48:51,856 - INFO - Top-2 Superclass NN Accuracy: 19.50%
2025-12-24 14:48:52,200 - INFO - Building dataset...
2025-12-24 14:48:52,247 - INFO - Dataset has 50000 images.
2025-12-24 14:48:52,247 - INFO - Loading distance matrix from results_imagenet_stats/val_dist_matrix_REAL.pt...
2025-12-24 14:48:55,194 - INFO - Finding top-3 nearest neighbors...
2025-12-24 14:48:55,471 - INFO - Top-3 NN Accuracy: 2.09%
2025-12-24 14:48:55,813 - INFO - Building dataset...
2025-12-24 14:48:55,859 - INFO - Dataset has 50000 images.
2025-12-24 14:48:55,860 - INFO - Loading distance matrix from results_imagenet_stats/val_dist_matrix_REAL.pt...
2025-12-24 14:48:58,802 - INFO - Finding top-3 nearest neighbors...
2025-12-24 14:48:59,081 - INFO - Top-3 NN Accuracy: 2.09%
2025-12-24 14:48:59,083 - INFO - Top-3 Superclass NN Accuracy: 26.26%
2025-12-24 14:48:59,429 - INFO - Building dataset...
2025-12-24 14:48:59,475 - INFO - Dataset has 50000 images.
2025-12-24 14:48:59,475 - INFO - Loading distance matrix from results_imagenet_stats/val_dist_matrix_REAL.pt...
2025-12-24 14:49:02,441 - INFO - Finding top-4 nearest neighbors...
2025-12-24 14:49:02,716 - INFO - Top-4 NN Accuracy: 2.57%
2025-12-24 14:49:03,040 - INFO - Building dataset...
2025-12-24 14:49:03,086 - INFO - Dataset has 50000 images.
2025-12-24 14:49:03,086 - INFO - Loading distance matrix from results_imagenet_stats/val_dist_matrix_REAL.pt...
2025-12-24 14:49:06,027 - INFO - Finding top-4 nearest neighbors...
2025-12-24 14:49:06,301 - INFO - Top-4 NN Accuracy: 2.57%
2025-12-24 14:49:06,302 - INFO - Top-4 Superclass NN Accuracy: 31.80%
2025-12-24 14:49:06,597 - INFO - Building dataset...
2025-12-24 14:49:06,643 - INFO - Dataset has 50000 images.
2025-12-24 14:49:06,643 - INFO - Loading distance matrix from results_imagenet_stats/val_dist_matrix_REAL.pt...
2025-12-24 14:49:09,604 - INFO - Finding top-5 nearest neighbors...
2025-12-24 14:49:09,897 - INFO - Top-5 NN Accuracy: 2.96%
2025-12-24 14:49:10,237 - INFO - Building dataset...
2025-12-24 14:49:10,283 - INFO - Dataset has 50000 images.
2025-12-24 14:49:10,283 - INFO - Loading distance matrix from results_imagenet_stats/val_dist_matrix_REAL.pt...
2025-12-24 14:49:13,249 - INFO - Finding top-5 nearest neighbors...
2025-12-24 14:49:13,536 - INFO - Top-5 NN Accuracy: 2.96%
2025-12-24 14:49:13,538 - INFO - Top-5 Superclass NN Accuracy: 36.35%
2025-12-24 14:49:13,880 - INFO - Building dataset...
2025-12-24 14:49:13,926 - INFO - Dataset has 50000 images.
2025-12-24 14:49:13,926 - INFO - Loading distance matrix from results_imagenet_stats/val_dist_matrix_REAL.pt...
2025-12-24 14:49:16,871 - INFO - Finding top-6 nearest neighbors...
2025-12-24 14:49:17,151 - INFO - Top-6 NN Accuracy: 3.35%
2025-12-24 14:49:17,487 - INFO - Building dataset...
2025-12-24 14:49:17,533 - INFO - Dataset has 50000 images.
2025-12-24 14:49:17,534 - INFO - Loading distance matrix from results_imagenet_stats/val_dist_matrix_REAL.pt...
2025-12-24 14:49:20,475 - INFO - Finding top-6 nearest neighbors...
2025-12-24 14:49:20,754 - INFO - Top-6 NN Accuracy: 3.35%
2025-12-24 14:49:20,756 - INFO - Top-6 Superclass NN Accuracy: 40.16%
2025-12-24 14:49:21,097 - INFO - Building dataset...
2025-12-24 14:49:21,143 - INFO - Dataset has 50000 images.
2025-12-24 14:49:21,143 - INFO - Loading distance matrix from results_imagenet_stats/val_dist_matrix_REAL.pt...
2025-12-24 14:49:24,106 - INFO - Finding top-7 nearest neighbors...
2025-12-24 14:49:24,382 - INFO - Top-7 NN Accuracy: 3.68%
2025-12-24 14:49:24,727 - INFO - Building dataset...
2025-12-24 14:49:24,773 - INFO - Dataset has 50000 images.
2025-12-24 14:49:24,773 - INFO - Loading distance matrix from results_imagenet_stats/val_dist_matrix_REAL.pt...
2025-12-24 14:49:27,730 - INFO - Finding top-7 nearest neighbors...
2025-12-24 14:49:28,013 - INFO - Top-7 NN Accuracy: 3.68%
2025-12-24 14:49:28,015 - INFO - Top-7 Superclass NN Accuracy: 43.42%
2025-12-24 14:49:28,361 - INFO - Building dataset...
2025-12-24 14:49:28,407 - INFO - Dataset has 50000 images.
2025-12-24 14:49:28,407 - INFO - Loading distance matrix from results_imagenet_stats/val_dist_matrix_REAL.pt...
2025-12-24 14:52:20,354 - INFO - Building dataset...
2025-12-24 14:52:20,403 - INFO - Dataset has 50000 images.
2025-12-24 14:52:20,403 - INFO - Loading distance matrix from results_imagenet_stats/val_dist_matrix_REAL.pt...
2025-12-24 14:52:23,336 - INFO - Finding top-1 nearest neighbors...
2025-12-24 14:52:23,617 - INFO - Top-1 NN Accuracy: 0.95%
2025-12-24 14:52:23,619 - INFO - Top-1 Superclass NN Accuracy: 11.18%
2025-12-24 14:52:23,923 - INFO - Building dataset...
2025-12-24 14:52:23,972 - INFO - Dataset has 50000 images.
2025-12-24 14:52:23,972 - INFO - Loading distance matrix from results_imagenet_stats/val_dist_matrix_REAL.pt...
2025-12-24 14:52:26,916 - INFO - Finding top-2 nearest neighbors...
2025-12-24 14:52:27,190 - INFO - Top-2 NN Accuracy: 1.55%
2025-12-24 14:52:27,192 - INFO - Top-2 Superclass NN Accuracy: 19.50%
2025-12-24 14:52:27,503 - INFO - Building dataset...
2025-12-24 14:52:27,551 - INFO - Dataset has 50000 images.
2025-12-24 14:52:27,551 - INFO - Loading distance matrix from results_imagenet_stats/val_dist_matrix_REAL.pt...
2025-12-24 14:52:30,484 - INFO - Finding top-3 nearest neighbors...
2025-12-24 14:52:30,766 - INFO - Top-3 NN Accuracy: 2.09%
2025-12-24 14:52:30,768 - INFO - Top-3 Superclass NN Accuracy: 26.26%
2025-12-24 14:52:31,058 - INFO - Building dataset...
2025-12-24 14:52:31,105 - INFO - Dataset has 50000 images.
2025-12-24 14:52:31,105 - INFO - Loading distance matrix from results_imagenet_stats/val_dist_matrix_REAL.pt...
2025-12-24 14:52:34,035 - INFO - Finding top-4 nearest neighbors...
2025-12-24 14:52:34,320 - INFO - Top-4 NN Accuracy: 2.57%
2025-12-24 14:52:34,321 - INFO - Top-4 Superclass NN Accuracy: 31.80%
2025-12-24 14:52:34,644 - INFO - Building dataset...
2025-12-24 14:52:34,691 - INFO - Dataset has 50000 images.
2025-12-24 14:52:34,691 - INFO - Loading distance matrix from results_imagenet_stats/val_dist_matrix_REAL.pt...
2025-12-24 14:52:37,616 - INFO - Finding top-5 nearest neighbors...
2025-12-24 14:52:37,893 - INFO - Top-5 NN Accuracy: 2.96%
2025-12-24 14:52:37,895 - INFO - Top-5 Superclass NN Accuracy: 36.35%
2025-12-24 14:52:38,199 - INFO - Building dataset...
2025-12-24 14:52:38,246 - INFO - Dataset has 50000 images.
2025-12-24 14:52:38,246 - INFO - Loading distance matrix from results_imagenet_stats/val_dist_matrix_REAL.pt...
2025-12-24 14:52:41,186 - INFO - Finding top-6 nearest neighbors...
2025-12-24 14:52:41,455 - INFO - Top-6 NN Accuracy: 3.35%
2025-12-24 14:52:41,457 - INFO - Top-6 Superclass NN Accuracy: 40.16%
2025-12-24 14:52:41,781 - INFO - Building dataset...
2025-12-24 14:52:41,828 - INFO - Dataset has 50000 images.
2025-12-24 14:52:41,828 - INFO - Loading distance matrix from results_imagenet_stats/val_dist_matrix_REAL.pt...
2025-12-24 14:52:44,752 - INFO - Finding top-7 nearest neighbors...
2025-12-24 14:52:45,056 - INFO - Top-7 NN Accuracy: 3.68%
2025-12-24 14:52:45,058 - INFO - Top-7 Superclass NN Accuracy: 43.42%
2025-12-24 14:52:45,395 - INFO - Building dataset...
2025-12-24 14:52:45,441 - INFO - Dataset has 50000 images.
2025-12-24 14:52:45,441 - INFO - Loading distance matrix from results_imagenet_stats/val_dist_matrix_REAL.pt...
2025-12-24 14:52:48,380 - INFO - Finding top-8 nearest neighbors...
2025-12-24 14:52:48,671 - INFO - Top-8 NN Accuracy: 4.03%
2025-12-24 14:52:48,673 - INFO - Top-8 Superclass NN Accuracy: 46.26%
2025-12-24 14:52:48,977 - INFO - Building dataset...
2025-12-24 14:52:49,023 - INFO - Dataset has 50000 images.
2025-12-24 14:52:49,023 - INFO - Loading distance matrix from results_imagenet_stats/val_dist_matrix_REAL.pt...
2025-12-24 14:52:51,958 - INFO - Finding top-9 nearest neighbors...
2025-12-24 14:52:52,236 - INFO - Top-9 NN Accuracy: 4.37%
2025-12-24 14:52:52,238 - INFO - Top-9 Superclass NN Accuracy: 48.60%
2025-12-24 14:52:52,576 - INFO - Building dataset...
2025-12-24 14:52:52,623 - INFO - Dataset has 50000 images.
2025-12-24 14:52:52,623 - INFO - Loading distance matrix from results_imagenet_stats/val_dist_matrix_REAL.pt...
2025-12-24 14:52:55,574 - INFO - Finding top-10 nearest neighbors...
2025-12-24 14:52:55,857 - INFO - Top-10 NN Accuracy: 4.72%
2025-12-24 14:52:55,859 - INFO - Top-10 Superclass NN Accuracy: 50.86%
2025-12-24 14:57:42,221 - INFO - Building dataset...
2025-12-24 14:57:42,276 - INFO - Dataset has 50000 images.
2025-12-24 14:57:42,276 - INFO - Loading distance matrix from results_imagenet_stats/val_dist_matrix_REAL.pt...
2025-12-24 14:57:45,173 - INFO - Finding top-1 nearest neighbors...
2025-12-24 14:57:45,444 - INFO - Top-1 NN Accuracy: 0.95%
2025-12-24 14:57:45,446 - INFO - Top-1 Superclass NN Accuracy: 11.18%
2025-12-24 14:57:45,772 - INFO - Building dataset...
2025-12-24 14:57:45,820 - INFO - Dataset has 50000 images.
2025-12-24 14:57:45,820 - INFO - Loading distance matrix from results_imagenet_stats/val_dist_matrix_REAL.pt...
2025-12-24 14:57:48,729 - INFO - Finding top-2 nearest neighbors...
2025-12-24 14:57:49,002 - INFO - Top-2 NN Accuracy: 1.55%
2025-12-24 14:57:49,004 - INFO - Top-2 Superclass NN Accuracy: 19.50%
2025-12-24 14:57:49,307 - INFO - Building dataset...
2025-12-24 14:57:49,355 - INFO - Dataset has 50000 images.
2025-12-24 14:57:49,355 - INFO - Loading distance matrix from results_imagenet_stats/val_dist_matrix_REAL.pt...
2025-12-24 14:57:52,247 - INFO - Finding top-3 nearest neighbors...
2025-12-24 14:57:52,521 - INFO - Top-3 NN Accuracy: 2.09%
2025-12-24 14:57:52,522 - INFO - Top-3 Superclass NN Accuracy: 26.26%
2025-12-24 14:57:52,847 - INFO - Building dataset...
2025-12-24 14:57:52,894 - INFO - Dataset has 50000 images.
2025-12-24 14:57:52,894 - INFO - Loading distance matrix from results_imagenet_stats/val_dist_matrix_REAL.pt...
2025-12-24 14:57:55,797 - INFO - Finding top-4 nearest neighbors...
2025-12-24 14:57:56,078 - INFO - Top-4 NN Accuracy: 2.57%
2025-12-24 14:57:56,080 - INFO - Top-4 Superclass NN Accuracy: 31.80%
2025-12-24 14:57:56,405 - INFO - Building dataset...
2025-12-24 14:57:56,453 - INFO - Dataset has 50000 images.
2025-12-24 14:57:56,453 - INFO - Loading distance matrix from results_imagenet_stats/val_dist_matrix_REAL.pt...
2025-12-24 14:57:59,329 - INFO - Finding top-5 nearest neighbors...
2025-12-24 14:57:59,592 - INFO - Top-5 NN Accuracy: 2.96%
2025-12-24 14:57:59,594 - INFO - Top-5 Superclass NN Accuracy: 36.35%
2025-12-24 14:57:59,914 - INFO - Building dataset...
2025-12-24 14:57:59,962 - INFO - Dataset has 50000 images.
2025-12-24 14:57:59,962 - INFO - Loading distance matrix from results_imagenet_stats/val_dist_matrix_REAL.pt...
2025-12-24 14:58:02,829 - INFO - Finding top-6 nearest neighbors...
2025-12-24 14:58:03,100 - INFO - Top-6 NN Accuracy: 3.35%
2025-12-24 14:58:03,101 - INFO - Top-6 Superclass NN Accuracy: 40.16%
2025-12-24 14:58:03,421 - INFO - Building dataset...
2025-12-24 14:58:03,468 - INFO - Dataset has 50000 images.
2025-12-24 14:58:03,468 - INFO - Loading distance matrix from results_imagenet_stats/val_dist_matrix_REAL.pt...
2025-12-24 14:58:06,363 - INFO - Finding top-7 nearest neighbors...
2025-12-24 14:58:06,636 - INFO - Top-7 NN Accuracy: 3.68%
2025-12-24 14:58:06,638 - INFO - Top-7 Superclass NN Accuracy: 43.42%
2025-12-24 14:58:06,967 - INFO - Building dataset...
2025-12-24 14:58:07,013 - INFO - Dataset has 50000 images.
2025-12-24 14:58:07,013 - INFO - Loading distance matrix from results_imagenet_stats/val_dist_matrix_REAL.pt...
2025-12-24 14:58:09,916 - INFO - Finding top-8 nearest neighbors...
2025-12-24 14:58:10,197 - INFO - Top-8 NN Accuracy: 4.03%
2025-12-24 14:58:10,198 - INFO - Top-8 Superclass NN Accuracy: 46.26%
2025-12-24 14:58:10,524 - INFO - Building dataset...
2025-12-24 14:58:10,572 - INFO - Dataset has 50000 images.
2025-12-24 14:58:10,572 - INFO - Loading distance matrix from results_imagenet_stats/val_dist_matrix_REAL.pt...
2025-12-24 14:58:13,480 - INFO - Finding top-9 nearest neighbors...
2025-12-24 14:58:13,757 - INFO - Top-9 NN Accuracy: 4.37%
2025-12-24 14:58:13,759 - INFO - Top-9 Superclass NN Accuracy: 48.60%
2025-12-24 14:58:14,076 - INFO - Building dataset...
2025-12-24 14:58:14,123 - INFO - Dataset has 50000 images.
2025-12-24 14:58:14,123 - INFO - Loading distance matrix from results_imagenet_stats/val_dist_matrix_REAL.pt...
2025-12-24 14:58:17,030 - INFO - Finding top-10 nearest neighbors...
2025-12-24 14:58:17,300 - INFO - Top-10 NN Accuracy: 4.72%
2025-12-24 14:58:17,302 - INFO - Top-10 Superclass NN Accuracy: 50.86%
2025-12-24 15:01:38,483 - INFO - Building dataset...
2025-12-24 15:01:38,533 - INFO - Dataset has 50000 images.
2025-12-24 15:01:38,533 - INFO - Loading distance matrix from results_imagenet_stats/val_dist_matrix_REAL.pt...
2025-12-24 15:01:41,426 - INFO - Finding top-10 nearest neighbors...
2025-12-24 15:01:41,707 - INFO - Top-1 NN Accuracy: 0.95%
2025-12-24 15:01:41,707 - INFO - Top-1 Superclass NN Accuracy: 11.18%
2025-12-24 15:01:41,707 - INFO - Top-2 NN Accuracy: 1.55%
2025-12-24 15:01:41,708 - INFO - Top-2 Superclass NN Accuracy: 19.50%
2025-12-24 15:01:41,708 - INFO - Top-3 NN Accuracy: 2.09%
2025-12-24 15:01:41,708 - INFO - Top-3 Superclass NN Accuracy: 26.26%
2025-12-24 15:01:41,708 - INFO - Top-4 NN Accuracy: 2.57%
2025-12-24 15:01:41,708 - INFO - Top-4 Superclass NN Accuracy: 31.80%
2025-12-24 15:01:41,709 - INFO - Top-5 NN Accuracy: 2.96%
2025-12-24 15:01:41,709 - INFO - Top-5 Superclass NN Accuracy: 36.35%
2025-12-24 15:01:41,709 - INFO - Top-6 NN Accuracy: 3.35%
2025-12-24 15:01:41,709 - INFO - Top-6 Superclass NN Accuracy: 40.16%
2025-12-24 15:01:41,709 - INFO - Top-7 NN Accuracy: 3.68%
2025-12-24 15:01:41,710 - INFO - Top-7 Superclass NN Accuracy: 43.42%
2025-12-24 15:01:41,710 - INFO - Top-8 NN Accuracy: 4.03%
2025-12-24 15:01:41,710 - INFO - Top-8 Superclass NN Accuracy: 46.26%
2025-12-24 15:01:41,711 - INFO - Top-9 NN Accuracy: 4.37%
2025-12-24 15:01:41,711 - INFO - Top-9 Superclass NN Accuracy: 48.60%
2025-12-24 15:01:41,712 - INFO - Top-10 NN Accuracy: 4.72%
2025-12-24 15:01:41,712 - INFO - Top-10 Superclass NN Accuracy: 50.86%
